Cache sync 1 at Sat Apr 25 02:12:36 UTC 2026
Cache sync 2 at Sat Apr 25 02:12:36 UTC 2026
Cache sync 3 at Sat Apr 25 02:12:36 UTC 2026
Cache sync 4 at Sat Apr 25 02:12:36 UTC 2026
Cache sync 5 at Sat Apr 25 02:12:36 UTC 2026
Cache sync 6 at Sat Apr 25 02:12:36 UTC 2026
Cache sync 7 at Sat Apr 25 02:12:36 UTC 2026
Cache sync 8 at Sat Apr 25 02:12:36 UTC 2026
Cache sync 9 at Sat Apr 25 02:12:36 UTC 2026
Cache sync 10 at Sat Apr 25 02:12:36 UTC 2026
Cache sync 11 at Sat Apr 25 02:12:36 UTC 2026
Cache sync 12 at Sat Apr 25 02:12:36 UTC 2026
Cache sync 13 at Sat Apr 25 02:12:36 UTC 2026
Cache sync 14 at Sat Apr 25 02:12:36 UTC 2026
Cache sync 15 at Sat Apr 25 02:12:36 UTC 2026
Cache sync 16 at Sat Apr 25 02:12:36 UTC 2026
Cache sync 17 at Sat Apr 25 02:12:36 UTC 2026
Cache sync 18 at Sat Apr 25 02:12:36 UTC 2026
Cache sync 19 at Sat Apr 25 02:12:36 UTC 2026
Cache sync 1 at Sat Apr 25 07:13:28 UTC 2026
Cache sync 2 at Sat Apr 25 07:13:28 UTC 2026
Cache sync 3 at Sat Apr 25 07:13:28 UTC 2026
Cache sync 4 at Sat Apr 25 07:13:28 UTC 2026
Cache sync 5 at Sat Apr 25 07:13:28 UTC 2026
Cache sync 6 at Sat Apr 25 07:13:28 UTC 2026
Cache sync 7 at Sat Apr 25 07:13:28 UTC 2026
Cache sync 8 at Sat Apr 25 07:13:28 UTC 2026
Cache sync 9 at Sat Apr 25 07:13:28 UTC 2026
Cache sync 10 at Sat Apr 25 07:13:28 UTC 2026
Cache sync 11 at Sat Apr 25 07:13:28 UTC 2026
Cache sync 12 at Sat Apr 25 07:13:28 UTC 2026
Cache sync 13 at Sat Apr 25 07:13:28 UTC 2026
Cache sync 14 at Sat Apr 25 07:13:28 UTC 2026
Cache sync 15 at Sat Apr 25 07:13:28 UTC 2026
Cache sync 16 at Sat Apr 25 07:13:28 UTC 2026
Cache sync 17 at Sat Apr 25 07:13:28 UTC 2026
Cache sync 18 at Sat Apr 25 07:13:28 UTC 2026
Cache sync 19 at Sat Apr 25 07:13:28 UTC 2026
Cache sync 20 at Sat Apr 25 07:13:28 UTC 2026
Cache sync 21 at Sat Apr 25 07:13:28 UTC 2026
Cache sync 22 at Sat Apr 25 07:13:28 UTC 2026
Cache sync 23 at Sat Apr 25 07:13:28 UTC 2026
Cache sync 24 at Sat Apr 25 07:13:28 UTC 2026
Cache sync 25 at Sat Apr 25 07:13:28 UTC 2026
Cache sync 26 at Sat Apr 25 07:13:28 UTC 2026
Cache sync 1 at Sat Apr 25 13:00:34 UTC 2026
Cache sync 2 at Sat Apr 25 13:00:34 UTC 2026
Cache sync 3 at Sat Apr 25 13:00:34 UTC 2026
Cache sync 4 at Sat Apr 25 13:00:34 UTC 2026
Cache sync 5 at Sat Apr 25 13:00:34 UTC 2026
Cache sync 6 at Sat Apr 25 13:00:34 UTC 2026
Cache sync 7 at Sat Apr 25 13:00:34 UTC 2026
Cache sync 8 at Sat Apr 25 13:00:34 UTC 2026
Cache sync 9 at Sat Apr 25 13:00:34 UTC 2026
Cache sync 10 at Sat Apr 25 13:00:34 UTC 2026
Cache sync 11 at Sat Apr 25 13:00:34 UTC 2026
Cache sync 12 at Sat Apr 25 13:00:34 UTC 2026
Cache sync 13 at Sat Apr 25 13:00:34 UTC 2026
Cache sync 14 at Sat Apr 25 13:00:34 UTC 2026
Cache sync 15 at Sat Apr 25 13:00:34 UTC 2026
Cache sync 16 at Sat Apr 25 13:00:34 UTC 2026
Cache sync 17 at Sat Apr 25 13:00:34 UTC 2026
Cache sync 18 at Sat Apr 25 13:00:34 UTC 2026
Cache sync 19 at Sat Apr 25 13:00:34 UTC 2026
Cache sync 20 at Sat Apr 25 13:00:34 UTC 2026
Cache sync 21 at Sat Apr 25 13:00:34 UTC 2026
Cache sync 22 at Sat Apr 25 13:00:34 UTC 2026
Cache sync 23 at Sat Apr 25 13:00:34 UTC 2026
Cache sync 24 at Sat Apr 25 13:00:34 UTC 2026
Cache sync 25 at Sat Apr 25 13:00:34 UTC 2026
Cache sync 26 at Sat Apr 25 13:00:34 UTC 2026
Cache sync 27 at Sat Apr 25 13:00:34 UTC 2026
Cache sync 28 at Sat Apr 25 13:00:34 UTC 2026
Cache sync 29 at Sat Apr 25 13:00:34 UTC 2026
Cache sync 30 at Sat Apr 25 13:00:34 UTC 2026
Cache sync 31 at Sat Apr 25 13:00:34 UTC 2026
Cache sync 32 at Sat Apr 25 13:00:34 UTC 2026
Cache sync 33 at Sat Apr 25 13:00:34 UTC 2026
Cache sync 34 at Sat Apr 25 13:00:34 UTC 2026
Cache sync 35 at Sat Apr 25 13:00:34 UTC 2026
Cache sync 36 at Sat Apr 25 13:00:34 UTC 2026
Cache sync 37 at Sat Apr 25 13:00:34 UTC 2026
Cache sync 38 at Sat Apr 25 13:00:34 UTC 2026
Cache sync 39 at Sat Apr 25 13:00:34 UTC 2026
Cache sync 40 at Sat Apr 25 13:00:34 UTC 2026
Cache sync 41 at Sat Apr 25 13:00:34 UTC 2026
Cache sync 42 at Sat Apr 25 13:00:34 UTC 2026
Cache sync 43 at Sat Apr 25 13:00:34 UTC 2026
Cache sync 44 at Sat Apr 25 13:00:34 UTC 2026
Cache sync 45 at Sat Apr 25 13:00:34 UTC 2026
Cache sync 46 at Sat Apr 25 13:00:34 UTC 2026
Cache sync 47 at Sat Apr 25 13:00:34 UTC 2026
Cache sync 48 at Sat Apr 25 13:00:34 UTC 2026
Cache sync 49 at Sat Apr 25 13:00:34 UTC 2026
Cache sync 50 at Sat Apr 25 13:00:34 UTC 2026
Cache sync 51 at Sat Apr 25 13:00:34 UTC 2026
Cache sync 52 at Sat Apr 25 13:00:34 UTC 2026
Cache sync 53 at Sat Apr 25 13:00:34 UTC 2026
Cache sync 54 at Sat Apr 25 13:00:34 UTC 2026
Cache sync 55 at Sat Apr 25 13:00:34 UTC 2026
Cache sync 56 at Sat Apr 25 13:00:34 UTC 2026
Cache sync 57 at Sat Apr 25 13:00:34 UTC 2026
Cache sync 58 at Sat Apr 25 13:00:34 UTC 2026
Cache sync 59 at Sat Apr 25 13:00:34 UTC 2026
Cache sync 60 at Sat Apr 25 13:00:34 UTC 2026
Cache sync 61 at Sat Apr 25 13:00:34 UTC 2026
Cache sync 62 at Sat Apr 25 13:00:34 UTC 2026
Cache sync 63 at Sat Apr 25 13:00:34 UTC 2026
Cache sync 64 at Sat Apr 25 13:00:34 UTC 2026
Cache sync 65 at Sat Apr 25 13:00:34 UTC 2026
Cache sync 66 at Sat Apr 25 13:00:34 UTC 2026
Cache sync 67 at Sat Apr 25 13:00:34 UTC 2026
Cache sync 68 at Sat Apr 25 13:00:34 UTC 2026
Cache sync 69 at Sat Apr 25 13:00:34 UTC 2026
Cache sync 1 at Sat Apr 25 18:51:04 UTC 2026
Cache sync 2 at Sat Apr 25 18:51:04 UTC 2026
Cache sync 3 at Sat Apr 25 18:51:04 UTC 2026
Cache sync 4 at Sat Apr 25 18:51:04 UTC 2026
Cache sync 5 at Sat Apr 25 18:51:04 UTC 2026
Cache sync 6 at Sat Apr 25 18:51:04 UTC 2026
Cache sync 7 at Sat Apr 25 18:51:04 UTC 2026
Cache sync 8 at Sat Apr 25 18:51:05 UTC 2026
Cache sync 9 at Sat Apr 25 18:51:05 UTC 2026
Cache sync 10 at Sat Apr 25 18:51:05 UTC 2026
Cache sync 11 at Sat Apr 25 18:51:05 UTC 2026
Cache sync 12 at Sat Apr 25 18:51:05 UTC 2026
Cache sync 1 at Sun Apr 26 02:35:25 UTC 2026
Cache sync 2 at Sun Apr 26 02:35:25 UTC 2026
Cache sync 3 at Sun Apr 26 02:35:25 UTC 2026
Cache sync 4 at Sun Apr 26 02:35:25 UTC 2026
Cache sync 5 at Sun Apr 26 02:35:25 UTC 2026
Cache sync 6 at Sun Apr 26 02:35:25 UTC 2026
Cache sync 7 at Sun Apr 26 02:35:25 UTC 2026
Cache sync 8 at Sun Apr 26 02:35:25 UTC 2026
Cache sync 9 at Sun Apr 26 02:35:25 UTC 2026
Cache sync 10 at Sun Apr 26 02:35:25 UTC 2026
Cache sync 11 at Sun Apr 26 02:35:25 UTC 2026
Cache sync 12 at Sun Apr 26 02:35:25 UTC 2026
Cache sync 13 at Sun Apr 26 02:35:25 UTC 2026
Cache sync 14 at Sun Apr 26 02:35:25 UTC 2026
Cache sync 15 at Sun Apr 26 02:35:25 UTC 2026
Cache sync 16 at Sun Apr 26 02:35:25 UTC 2026
Cache sync 17 at Sun Apr 26 02:35:25 UTC 2026
Cache sync 18 at Sun Apr 26 02:35:25 UTC 2026
Cache sync 19 at Sun Apr 26 02:35:25 UTC 2026
Cache sync 20 at Sun Apr 26 02:35:25 UTC 2026
Cache sync 21 at Sun Apr 26 02:35:25 UTC 2026
Cache sync 22 at Sun Apr 26 02:35:25 UTC 2026
Cache sync 23 at Sun Apr 26 02:35:25 UTC 2026
Cache sync 24 at Sun Apr 26 02:35:25 UTC 2026
Cache sync 25 at Sun Apr 26 02:35:25 UTC 2026
Cache sync 26 at Sun Apr 26 02:35:25 UTC 2026
Cache sync 27 at Sun Apr 26 02:35:25 UTC 2026
Cache sync 28 at Sun Apr 26 02:35:25 UTC 2026
Cache sync 29 at Sun Apr 26 02:35:25 UTC 2026
Cache sync 30 at Sun Apr 26 02:35:25 UTC 2026
Cache sync 31 at Sun Apr 26 02:35:25 UTC 2026
Cache sync 32 at Sun Apr 26 02:35:25 UTC 2026
Cache sync 33 at Sun Apr 26 02:35:25 UTC 2026
Cache sync 34 at Sun Apr 26 02:35:25 UTC 2026
Cache sync 35 at Sun Apr 26 02:35:25 UTC 2026
Cache sync 36 at Sun Apr 26 02:35:25 UTC 2026
Cache sync 37 at Sun Apr 26 02:35:25 UTC 2026
Cache sync 38 at Sun Apr 26 02:35:25 UTC 2026
Cache sync 39 at Sun Apr 26 02:35:25 UTC 2026
Cache sync 40 at Sun Apr 26 02:35:25 UTC 2026
Cache sync 41 at Sun Apr 26 02:35:25 UTC 2026
Cache sync 42 at Sun Apr 26 02:35:25 UTC 2026
Cache sync 43 at Sun Apr 26 02:35:25 UTC 2026
Cache sync 44 at Sun Apr 26 02:35:25 UTC 2026
Cache sync 45 at Sun Apr 26 02:35:25 UTC 2026
Cache sync 46 at Sun Apr 26 02:35:25 UTC 2026
Cache sync 47 at Sun Apr 26 02:35:25 UTC 2026
Cache sync 48 at Sun Apr 26 02:35:25 UTC 2026
Cache sync 49 at Sun Apr 26 02:35:25 UTC 2026
Cache sync 50 at Sun Apr 26 02:35:25 UTC 2026
Cache sync 51 at Sun Apr 26 02:35:25 UTC 2026
Cache sync 52 at Sun Apr 26 02:35:25 UTC 2026
Cache sync 53 at Sun Apr 26 02:35:25 UTC 2026
Cache sync 54 at Sun Apr 26 02:35:25 UTC 2026
Cache sync 55 at Sun Apr 26 02:35:25 UTC 2026
Cache sync 56 at Sun Apr 26 02:35:25 UTC 2026
Cache sync 57 at Sun Apr 26 02:35:25 UTC 2026
Cache sync 58 at Sun Apr 26 02:35:25 UTC 2026
Cache sync 59 at Sun Apr 26 02:35:25 UTC 2026
Cache sync 60 at Sun Apr 26 02:35:25 UTC 2026
Cache sync 61 at Sun Apr 26 02:35:25 UTC 2026
Cache sync 62 at Sun Apr 26 02:35:25 UTC 2026
Cache sync 63 at Sun Apr 26 02:35:25 UTC 2026
Cache sync 64 at Sun Apr 26 02:35:25 UTC 2026
Cache sync 65 at Sun Apr 26 02:35:25 UTC 2026
Cache sync 66 at Sun Apr 26 02:35:25 UTC 2026
Cache sync 67 at Sun Apr 26 02:35:25 UTC 2026
Cache sync 68 at Sun Apr 26 02:35:25 UTC 2026
Cache sync 69 at Sun Apr 26 02:35:25 UTC 2026
Cache sync 70 at Sun Apr 26 02:35:25 UTC 2026
Cache sync 1 at Sun Apr 26 07:26:46 UTC 2026
Cache sync 2 at Sun Apr 26 07:26:46 UTC 2026
Cache sync 3 at Sun Apr 26 07:26:46 UTC 2026
Cache sync 4 at Sun Apr 26 07:26:46 UTC 2026
Cache sync 5 at Sun Apr 26 07:26:46 UTC 2026
Cache sync 6 at Sun Apr 26 07:26:46 UTC 2026
Cache sync 7 at Sun Apr 26 07:26:46 UTC 2026
Cache sync 8 at Sun Apr 26 07:26:46 UTC 2026
Cache sync 9 at Sun Apr 26 07:26:46 UTC 2026
Cache sync 10 at Sun Apr 26 07:26:46 UTC 2026
Cache sync 11 at Sun Apr 26 07:26:46 UTC 2026
Cache sync 12 at Sun Apr 26 07:26:46 UTC 2026
Cache sync 13 at Sun Apr 26 07:26:46 UTC 2026
Cache sync 14 at Sun Apr 26 07:26:46 UTC 2026
Cache sync 15 at Sun Apr 26 07:26:46 UTC 2026
Cache sync 16 at Sun Apr 26 07:26:46 UTC 2026
Cache sync 17 at Sun Apr 26 07:26:46 UTC 2026
Cache sync 18 at Sun Apr 26 07:26:46 UTC 2026
Cache sync 19 at Sun Apr 26 07:26:46 UTC 2026
Cache sync 20 at Sun Apr 26 07:26:46 UTC 2026
Cache sync 21 at Sun Apr 26 07:26:46 UTC 2026
Cache sync 22 at Sun Apr 26 07:26:46 UTC 2026
Cache sync 23 at Sun Apr 26 07:26:46 UTC 2026
Cache sync 24 at Sun Apr 26 07:26:46 UTC 2026
Cache sync 25 at Sun Apr 26 07:26:46 UTC 2026
Cache sync 26 at Sun Apr 26 07:26:46 UTC 2026
Cache sync 27 at Sun Apr 26 07:26:46 UTC 2026
Cache sync 28 at Sun Apr 26 07:26:46 UTC 2026
Cache sync 29 at Sun Apr 26 07:26:46 UTC 2026
Cache sync 30 at Sun Apr 26 07:26:46 UTC 2026
Cache sync 31 at Sun Apr 26 07:26:46 UTC 2026
Cache sync 32 at Sun Apr 26 07:26:46 UTC 2026
Cache sync 33 at Sun Apr 26 07:26:46 UTC 2026
Cache sync 34 at Sun Apr 26 07:26:46 UTC 2026
Cache sync 35 at Sun Apr 26 07:26:46 UTC 2026
Cache sync 36 at Sun Apr 26 07:26:46 UTC 2026
Cache sync 37 at Sun Apr 26 07:26:46 UTC 2026
Cache sync 38 at Sun Apr 26 07:26:46 UTC 2026
Cache sync 39 at Sun Apr 26 07:26:46 UTC 2026
Cache sync 40 at Sun Apr 26 07:26:46 UTC 2026
Cache sync 41 at Sun Apr 26 07:26:46 UTC 2026
Cache sync 42 at Sun Apr 26 07:26:46 UTC 2026
Cache sync 43 at Sun Apr 26 07:26:46 UTC 2026
Cache sync 44 at Sun Apr 26 07:26:46 UTC 2026
Cache sync 45 at Sun Apr 26 07:26:46 UTC 2026
Cache sync 46 at Sun Apr 26 07:26:46 UTC 2026
Cache sync 47 at Sun Apr 26 07:26:46 UTC 2026
Cache sync 48 at Sun Apr 26 07:26:46 UTC 2026
Cache sync 49 at Sun Apr 26 07:26:46 UTC 2026
Cache sync 50 at Sun Apr 26 07:26:46 UTC 2026
Cache sync 51 at Sun Apr 26 07:26:46 UTC 2026
Cache sync 52 at Sun Apr 26 07:26:46 UTC 2026
Cache sync 53 at Sun Apr 26 07:26:46 UTC 2026
Cache sync 54 at Sun Apr 26 07:26:46 UTC 2026
Cache sync 55 at Sun Apr 26 07:26:46 UTC 2026
Cache sync 56 at Sun Apr 26 07:26:46 UTC 2026
Cache sync 57 at Sun Apr 26 07:26:46 UTC 2026
Cache sync 58 at Sun Apr 26 07:26:46 UTC 2026
Cache sync 59 at Sun Apr 26 07:26:47 UTC 2026
Cache sync 60 at Sun Apr 26 07:26:47 UTC 2026
Cache sync 61 at Sun Apr 26 07:26:47 UTC 2026
Cache sync 62 at Sun Apr 26 07:26:47 UTC 2026
Cache sync 63 at Sun Apr 26 07:26:47 UTC 2026
Cache sync 64 at Sun Apr 26 07:26:47 UTC 2026
Cache sync 65 at Sun Apr 26 07:26:47 UTC 2026
Cache sync 66 at Sun Apr 26 07:26:47 UTC 2026
Cache sync 67 at Sun Apr 26 07:26:47 UTC 2026
Cache sync 1 at Sun Apr 26 18:52:37 UTC 2026
Cache sync 2 at Sun Apr 26 18:52:37 UTC 2026
Cache sync 3 at Sun Apr 26 18:52:37 UTC 2026
Cache sync 4 at Sun Apr 26 18:52:37 UTC 2026
Cache sync 5 at Sun Apr 26 18:52:37 UTC 2026
Cache sync 6 at Sun Apr 26 18:52:37 UTC 2026
Cache sync 7 at Sun Apr 26 18:52:37 UTC 2026
Cache sync 8 at Sun Apr 26 18:52:37 UTC 2026
Cache sync 9 at Sun Apr 26 18:52:37 UTC 2026
Cache sync 10 at Sun Apr 26 18:52:37 UTC 2026
Cache sync 11 at Sun Apr 26 18:52:37 UTC 2026
Cache sync 12 at Sun Apr 26 18:52:37 UTC 2026
Cache sync 13 at Sun Apr 26 18:52:37 UTC 2026
Cache sync 14 at Sun Apr 26 18:52:37 UTC 2026
Cache sync 15 at Sun Apr 26 18:52:37 UTC 2026
Cache sync 16 at Sun Apr 26 18:52:37 UTC 2026
Cache sync 17 at Sun Apr 26 18:52:37 UTC 2026
Cache sync 18 at Sun Apr 26 18:52:37 UTC 2026
Cache sync 19 at Sun Apr 26 18:52:37 UTC 2026
Cache sync 20 at Sun Apr 26 18:52:37 UTC 2026
Cache sync 21 at Sun Apr 26 18:52:37 UTC 2026
Cache sync 22 at Sun Apr 26 18:52:37 UTC 2026
Cache sync 23 at Sun Apr 26 18:52:37 UTC 2026
Cache sync 24 at Sun Apr 26 18:52:37 UTC 2026
Cache sync 25 at Sun Apr 26 18:52:37 UTC 2026
Cache sync 26 at Sun Apr 26 18:52:37 UTC 2026
Cache sync 27 at Sun Apr 26 18:52:37 UTC 2026
Cache sync 28 at Sun Apr 26 18:52:37 UTC 2026
Cache sync 29 at Sun Apr 26 18:52:37 UTC 2026
Cache sync 30 at Sun Apr 26 18:52:37 UTC 2026
Cache sync 31 at Sun Apr 26 18:52:37 UTC 2026
Cache sync 32 at Sun Apr 26 18:52:37 UTC 2026
Cache sync 33 at Sun Apr 26 18:52:37 UTC 2026
Cache sync 34 at Sun Apr 26 18:52:37 UTC 2026
Cache sync 35 at Sun Apr 26 18:52:37 UTC 2026
Cache sync 36 at Sun Apr 26 18:52:37 UTC 2026
Cache sync 37 at Sun Apr 26 18:52:37 UTC 2026
Cache sync 38 at Sun Apr 26 18:52:37 UTC 2026
Cache sync 39 at Sun Apr 26 18:52:37 UTC 2026
Cache sync 40 at Sun Apr 26 18:52:37 UTC 2026
Cache sync 41 at Sun Apr 26 18:52:37 UTC 2026
Cache sync 42 at Sun Apr 26 18:52:37 UTC 2026
Cache sync 43 at Sun Apr 26 18:52:37 UTC 2026
Cache sync 44 at Sun Apr 26 18:52:37 UTC 2026
Cache sync 45 at Sun Apr 26 18:52:37 UTC 2026
Cache sync 46 at Sun Apr 26 18:52:37 UTC 2026
Cache sync 47 at Sun Apr 26 18:52:37 UTC 2026
Cache sync 48 at Sun Apr 26 18:52:37 UTC 2026
Cache sync 49 at Sun Apr 26 18:52:37 UTC 2026
Cache sync 50 at Sun Apr 26 18:52:37 UTC 2026
Cache sync 51 at Sun Apr 26 18:52:37 UTC 2026
Cache sync 52 at Sun Apr 26 18:52:37 UTC 2026
Cache sync 53 at Sun Apr 26 18:52:37 UTC 2026
Cache sync 54 at Sun Apr 26 18:52:37 UTC 2026
Cache sync 55 at Sun Apr 26 18:52:37 UTC 2026
Cache sync 56 at Sun Apr 26 18:52:37 UTC 2026
Cache sync 57 at Sun Apr 26 18:52:37 UTC 2026
Cache sync 58 at Sun Apr 26 18:52:37 UTC 2026
Cache sync 59 at Sun Apr 26 18:52:37 UTC 2026
Cache sync 60 at Sun Apr 26 18:52:37 UTC 2026
Cache sync 61 at Sun Apr 26 18:52:37 UTC 2026
Cache sync 62 at Sun Apr 26 18:52:37 UTC 2026
Cache sync 63 at Sun Apr 26 18:52:37 UTC 2026
Cache sync 64 at Sun Apr 26 18:52:37 UTC 2026
Cache sync 65 at Sun Apr 26 18:52:37 UTC 2026
Cache sync 66 at Sun Apr 26 18:52:37 UTC 2026
Cache sync 67 at Sun Apr 26 18:52:37 UTC 2026
Cache sync 68 at Sun Apr 26 18:52:37 UTC 2026
Cache sync 69 at Sun Apr 26 18:52:37 UTC 2026
Cache sync 70 at Sun Apr 26 18:52:37 UTC 2026
Cache sync 71 at Sun Apr 26 18:52:37 UTC 2026
Cache sync 72 at Sun Apr 26 18:52:37 UTC 2026
Cache sync 73 at Sun Apr 26 18:52:37 UTC 2026
Cache sync 74 at Sun Apr 26 18:52:37 UTC 2026
Cache sync 75 at Sun Apr 26 18:52:37 UTC 2026
Cache sync 1 at Mon Apr 27 02:37:27 UTC 2026
Cache sync 2 at Mon Apr 27 02:37:27 UTC 2026
Cache sync 3 at Mon Apr 27 02:37:27 UTC 2026
Cache sync 4 at Mon Apr 27 02:37:27 UTC 2026
Cache sync 5 at Mon Apr 27 02:37:27 UTC 2026
Cache sync 6 at Mon Apr 27 02:37:27 UTC 2026
Cache sync 7 at Mon Apr 27 02:37:27 UTC 2026
Cache sync 8 at Mon Apr 27 02:37:27 UTC 2026
Cache sync 9 at Mon Apr 27 02:37:27 UTC 2026
Cache sync 10 at Mon Apr 27 02:37:27 UTC 2026
Cache sync 11 at Mon Apr 27 02:37:27 UTC 2026
Cache sync 12 at Mon Apr 27 02:37:27 UTC 2026
Cache sync 13 at Mon Apr 27 02:37:27 UTC 2026
Cache sync 14 at Mon Apr 27 02:37:27 UTC 2026
Cache sync 15 at Mon Apr 27 02:37:27 UTC 2026
Cache sync 16 at Mon Apr 27 02:37:27 UTC 2026
Cache sync 1 at Mon Apr 27 08:22:15 UTC 2026
Cache sync 2 at Mon Apr 27 08:22:15 UTC 2026
Cache sync 3 at Mon Apr 27 08:22:15 UTC 2026
Cache sync 4 at Mon Apr 27 08:22:15 UTC 2026
Cache sync 5 at Mon Apr 27 08:22:15 UTC 2026
Cache sync 6 at Mon Apr 27 08:22:15 UTC 2026
Cache sync 7 at Mon Apr 27 08:22:15 UTC 2026
Cache sync 8 at Mon Apr 27 08:22:15 UTC 2026
Cache sync 9 at Mon Apr 27 08:22:15 UTC 2026
Cache sync 10 at Mon Apr 27 08:22:15 UTC 2026
Cache sync 11 at Mon Apr 27 08:22:15 UTC 2026
Cache sync 12 at Mon Apr 27 08:22:15 UTC 2026
Cache sync 13 at Mon Apr 27 08:22:15 UTC 2026
Cache sync 1 at Mon Apr 27 13:49:15 UTC 2026
Cache sync 2 at Mon Apr 27 13:49:15 UTC 2026
Cache sync 3 at Mon Apr 27 13:49:15 UTC 2026
Cache sync 4 at Mon Apr 27 13:49:15 UTC 2026
Cache sync 5 at Mon Apr 27 13:49:15 UTC 2026
Cache sync 6 at Mon Apr 27 13:49:15 UTC 2026
Cache sync 7 at Mon Apr 27 13:49:15 UTC 2026
Cache sync 8 at Mon Apr 27 13:49:15 UTC 2026
Cache sync 9 at Mon Apr 27 13:49:15 UTC 2026
Cache sync 10 at Mon Apr 27 13:49:15 UTC 2026
Cache sync 11 at Mon Apr 27 13:49:15 UTC 2026
Cache sync 12 at Mon Apr 27 13:49:15 UTC 2026
Cache sync 1 at Mon Apr 27 19:18:34 UTC 2026
Cache sync 2 at Mon Apr 27 19:18:34 UTC 2026
Cache sync 3 at Mon Apr 27 19:18:34 UTC 2026
Cache sync 4 at Mon Apr 27 19:18:34 UTC 2026
Cache sync 5 at Mon Apr 27 19:18:34 UTC 2026
Cache sync 6 at Mon Apr 27 19:18:34 UTC 2026
Cache sync 7 at Mon Apr 27 19:18:34 UTC 2026
Cache sync 8 at Mon Apr 27 19:18:34 UTC 2026
Cache sync 9 at Mon Apr 27 19:18:34 UTC 2026
Cache sync 10 at Mon Apr 27 19:18:34 UTC 2026
Cache sync 11 at Mon Apr 27 19:18:34 UTC 2026
Cache sync 12 at Mon Apr 27 19:18:34 UTC 2026
Cache sync 13 at Mon Apr 27 19:18:34 UTC 2026
Cache sync 14 at Mon Apr 27 19:18:34 UTC 2026
Cache sync 15 at Mon Apr 27 19:18:34 UTC 2026
Cache sync 16 at Mon Apr 27 19:18:34 UTC 2026
Cache sync 17 at Mon Apr 27 19:18:34 UTC 2026
Cache sync 18 at Mon Apr 27 19:18:34 UTC 2026
Cache sync 19 at Mon Apr 27 19:18:34 UTC 2026
Cache sync 20 at Mon Apr 27 19:18:34 UTC 2026
Cache sync 21 at Mon Apr 27 19:18:34 UTC 2026
Cache sync 22 at Mon Apr 27 19:18:34 UTC 2026
Cache sync 23 at Mon Apr 27 19:18:34 UTC 2026
Cache sync 24 at Mon Apr 27 19:18:34 UTC 2026
Cache sync 25 at Mon Apr 27 19:18:34 UTC 2026
Cache sync 26 at Mon Apr 27 19:18:34 UTC 2026
Cache sync 27 at Mon Apr 27 19:18:34 UTC 2026
Cache sync 28 at Mon Apr 27 19:18:34 UTC 2026
Cache sync 29 at Mon Apr 27 19:18:34 UTC 2026
Cache sync 30 at Mon Apr 27 19:18:34 UTC 2026
Cache sync 31 at Mon Apr 27 19:18:34 UTC 2026
Cache sync 32 at Mon Apr 27 19:18:34 UTC 2026
Cache sync 33 at Mon Apr 27 19:18:34 UTC 2026
Cache sync 34 at Mon Apr 27 19:18:34 UTC 2026
Cache sync 35 at Mon Apr 27 19:18:35 UTC 2026
Cache sync 36 at Mon Apr 27 19:18:35 UTC 2026
Cache sync 37 at Mon Apr 27 19:18:35 UTC 2026
Cache sync 38 at Mon Apr 27 19:18:35 UTC 2026
Cache sync 39 at Mon Apr 27 19:18:35 UTC 2026
Cache sync 40 at Mon Apr 27 19:18:35 UTC 2026
Cache sync 41 at Mon Apr 27 19:18:35 UTC 2026
Cache sync 42 at Mon Apr 27 19:18:35 UTC 2026
Cache sync 43 at Mon Apr 27 19:18:35 UTC 2026
Cache sync 44 at Mon Apr 27 19:18:35 UTC 2026
Cache sync 45 at Mon Apr 27 19:18:35 UTC 2026
Cache sync 46 at Mon Apr 27 19:18:35 UTC 2026
Cache sync 47 at Mon Apr 27 19:18:35 UTC 2026
Cache sync 48 at Mon Apr 27 19:18:35 UTC 2026
Cache sync 49 at Mon Apr 27 19:18:35 UTC 2026
Cache sync 50 at Mon Apr 27 19:18:35 UTC 2026
Cache sync 51 at Mon Apr 27 19:18:35 UTC 2026
Cache sync 52 at Mon Apr 27 19:18:35 UTC 2026
Cache sync 53 at Mon Apr 27 19:18:35 UTC 2026
Cache sync 54 at Mon Apr 27 19:18:35 UTC 2026
Cache sync 55 at Mon Apr 27 19:18:35 UTC 2026
Cache sync 56 at Mon Apr 27 19:18:35 UTC 2026
Cache sync 57 at Mon Apr 27 19:18:35 UTC 2026
Cache sync 58 at Mon Apr 27 19:18:35 UTC 2026
Cache sync 59 at Mon Apr 27 19:18:35 UTC 2026
Cache sync 60 at Mon Apr 27 19:18:35 UTC 2026
Cache sync 61 at Mon Apr 27 19:18:35 UTC 2026
Cache sync 62 at Mon Apr 27 19:18:35 UTC 2026
Cache sync 63 at Mon Apr 27 19:18:35 UTC 2026
Cache sync 64 at Mon Apr 27 19:18:35 UTC 2026
Cache sync 65 at Mon Apr 27 19:18:35 UTC 2026
Cache sync 66 at Mon Apr 27 19:18:35 UTC 2026
Cache sync 67 at Mon Apr 27 19:18:35 UTC 2026
Cache sync 68 at Mon Apr 27 19:18:35 UTC 2026
Cache sync 1 at Tue Apr 28 02:44:57 UTC 2026
Cache sync 2 at Tue Apr 28 02:44:57 UTC 2026
Cache sync 3 at Tue Apr 28 02:44:57 UTC 2026
Cache sync 4 at Tue Apr 28 02:44:57 UTC 2026
Cache sync 5 at Tue Apr 28 02:44:57 UTC 2026
Cache sync 6 at Tue Apr 28 02:44:57 UTC 2026
Cache sync 7 at Tue Apr 28 02:44:57 UTC 2026
Cache sync 8 at Tue Apr 28 02:44:57 UTC 2026
Cache sync 9 at Tue Apr 28 02:44:57 UTC 2026
Cache sync 10 at Tue Apr 28 02:44:57 UTC 2026
Cache sync 11 at Tue Apr 28 02:44:57 UTC 2026
Cache sync 12 at Tue Apr 28 02:44:57 UTC 2026
Cache sync 13 at Tue Apr 28 02:44:57 UTC 2026
Cache sync 14 at Tue Apr 28 02:44:57 UTC 2026
Cache sync 15 at Tue Apr 28 02:44:57 UTC 2026
Cache sync 16 at Tue Apr 28 02:44:57 UTC 2026
Cache sync 17 at Tue Apr 28 02:44:57 UTC 2026
Cache sync 18 at Tue Apr 28 02:44:57 UTC 2026
Cache sync 19 at Tue Apr 28 02:44:57 UTC 2026
Cache sync 20 at Tue Apr 28 02:44:57 UTC 2026
Cache sync 21 at Tue Apr 28 02:44:57 UTC 2026
Cache sync 22 at Tue Apr 28 02:44:57 UTC 2026
Cache sync 23 at Tue Apr 28 02:44:58 UTC 2026
Cache sync 24 at Tue Apr 28 02:44:58 UTC 2026
Cache sync 25 at Tue Apr 28 02:44:58 UTC 2026
Cache sync 26 at Tue Apr 28 02:44:58 UTC 2026
Cache sync 27 at Tue Apr 28 02:44:58 UTC 2026
Cache sync 28 at Tue Apr 28 02:44:58 UTC 2026
Cache sync 29 at Tue Apr 28 02:44:58 UTC 2026
Cache sync 30 at Tue Apr 28 02:44:58 UTC 2026
Cache sync 31 at Tue Apr 28 02:44:58 UTC 2026
Cache sync 32 at Tue Apr 28 02:44:58 UTC 2026
Cache sync 33 at Tue Apr 28 02:44:58 UTC 2026
Cache sync 34 at Tue Apr 28 02:44:58 UTC 2026
Cache sync 35 at Tue Apr 28 02:44:58 UTC 2026
Cache sync 36 at Tue Apr 28 02:44:58 UTC 2026
Cache sync 37 at Tue Apr 28 02:44:58 UTC 2026
Cache sync 38 at Tue Apr 28 02:44:58 UTC 2026
Cache sync 39 at Tue Apr 28 02:44:58 UTC 2026
Cache sync 40 at Tue Apr 28 02:44:58 UTC 2026
Cache sync 41 at Tue Apr 28 02:44:58 UTC 2026
Cache sync 42 at Tue Apr 28 02:44:58 UTC 2026
Cache sync 43 at Tue Apr 28 02:44:58 UTC 2026
Cache sync 44 at Tue Apr 28 02:44:58 UTC 2026
Cache sync 45 at Tue Apr 28 02:44:58 UTC 2026
Cache sync 46 at Tue Apr 28 02:44:58 UTC 2026
Cache sync 47 at Tue Apr 28 02:44:58 UTC 2026
Cache sync 48 at Tue Apr 28 02:44:58 UTC 2026
Cache sync 49 at Tue Apr 28 02:44:58 UTC 2026
Cache sync 50 at Tue Apr 28 02:44:58 UTC 2026
Cache sync 51 at Tue Apr 28 02:44:58 UTC 2026
Cache sync 52 at Tue Apr 28 02:44:58 UTC 2026
Cache sync 53 at Tue Apr 28 02:44:58 UTC 2026
Cache sync 54 at Tue Apr 28 02:44:58 UTC 2026
Cache sync 55 at Tue Apr 28 02:44:58 UTC 2026
Cache sync 56 at Tue Apr 28 02:44:58 UTC 2026
Cache sync 57 at Tue Apr 28 02:44:58 UTC 2026
Cache sync 58 at Tue Apr 28 02:44:58 UTC 2026
Cache sync 59 at Tue Apr 28 02:44:58 UTC 2026
Cache sync 60 at Tue Apr 28 02:44:58 UTC 2026
Cache sync 61 at Tue Apr 28 02:44:58 UTC 2026
Cache sync 62 at Tue Apr 28 02:44:58 UTC 2026
Cache sync 63 at Tue Apr 28 02:44:58 UTC 2026
Cache sync 64 at Tue Apr 28 02:44:58 UTC 2026
Cache sync 65 at Tue Apr 28 02:44:58 UTC 2026
Cache sync 66 at Tue Apr 28 02:44:58 UTC 2026
Cache sync 67 at Tue Apr 28 02:44:58 UTC 2026
Cache sync 68 at Tue Apr 28 02:44:58 UTC 2026
Cache sync 69 at Tue Apr 28 02:44:58 UTC 2026
Cache sync 70 at Tue Apr 28 02:44:58 UTC 2026
Cache sync 71 at Tue Apr 28 02:44:58 UTC 2026
Cache sync 72 at Tue Apr 28 02:44:58 UTC 2026
Cache sync 73 at Tue Apr 28 02:44:58 UTC 2026
Cache sync 1 at Tue Apr 28 08:23:22 UTC 2026
Cache sync 2 at Tue Apr 28 08:23:22 UTC 2026
Cache sync 3 at Tue Apr 28 08:23:22 UTC 2026
Cache sync 4 at Tue Apr 28 08:23:22 UTC 2026
Cache sync 1 at Tue Apr 28 19:39:31 UTC 2026
Cache sync 2 at Tue Apr 28 19:39:31 UTC 2026
Cache sync 3 at Tue Apr 28 19:39:31 UTC 2026
Cache sync 4 at Tue Apr 28 19:39:31 UTC 2026
Cache sync 5 at Tue Apr 28 19:39:31 UTC 2026
Cache sync 6 at Tue Apr 28 19:39:31 UTC 2026
Cache sync 7 at Tue Apr 28 19:39:31 UTC 2026
Cache sync 8 at Tue Apr 28 19:39:31 UTC 2026
Cache sync 9 at Tue Apr 28 19:39:31 UTC 2026
Cache sync 10 at Tue Apr 28 19:39:31 UTC 2026
Cache sync 11 at Tue Apr 28 19:39:31 UTC 2026
Cache sync 12 at Tue Apr 28 19:39:31 UTC 2026
Cache sync 13 at Tue Apr 28 19:39:31 UTC 2026
Cache sync 14 at Tue Apr 28 19:39:31 UTC 2026
Cache sync 15 at Tue Apr 28 19:39:31 UTC 2026
Cache sync 16 at Tue Apr 28 19:39:31 UTC 2026
Cache sync 17 at Tue Apr 28 19:39:31 UTC 2026
Cache sync 18 at Tue Apr 28 19:39:31 UTC 2026
Cache sync 19 at Tue Apr 28 19:39:31 UTC 2026
Cache sync 20 at Tue Apr 28 19:39:31 UTC 2026
Cache sync 21 at Tue Apr 28 19:39:31 UTC 2026
Cache sync 22 at Tue Apr 28 19:39:31 UTC 2026
Cache sync 23 at Tue Apr 28 19:39:31 UTC 2026
Cache sync 24 at Tue Apr 28 19:39:31 UTC 2026
Cache sync 25 at Tue Apr 28 19:39:31 UTC 2026
Cache sync 26 at Tue Apr 28 19:39:31 UTC 2026
Cache sync 27 at Tue Apr 28 19:39:31 UTC 2026
Cache sync 28 at Tue Apr 28 19:39:31 UTC 2026
Cache sync 29 at Tue Apr 28 19:39:31 UTC 2026
Cache sync 30 at Tue Apr 28 19:39:32 UTC 2026
Cache sync 31 at Tue Apr 28 19:39:32 UTC 2026
Cache sync 32 at Tue Apr 28 19:39:32 UTC 2026
Cache sync 33 at Tue Apr 28 19:39:32 UTC 2026
Cache sync 34 at Tue Apr 28 19:39:32 UTC 2026
Cache sync 35 at Tue Apr 28 19:39:32 UTC 2026
Cache sync 36 at Tue Apr 28 19:39:32 UTC 2026
Cache sync 37 at Tue Apr 28 19:39:32 UTC 2026
Cache sync 38 at Tue Apr 28 19:39:32 UTC 2026
Cache sync 39 at Tue Apr 28 19:39:32 UTC 2026
Cache sync 40 at Tue Apr 28 19:39:32 UTC 2026
Cache sync 41 at Tue Apr 28 19:39:32 UTC 2026
Cache sync 42 at Tue Apr 28 19:39:32 UTC 2026
Cache sync 43 at Tue Apr 28 19:39:32 UTC 2026
Cache sync 44 at Tue Apr 28 19:39:32 UTC 2026
Cache sync 45 at Tue Apr 28 19:39:32 UTC 2026
Cache sync 46 at Tue Apr 28 19:39:32 UTC 2026
Cache sync 47 at Tue Apr 28 19:39:32 UTC 2026
Cache sync 48 at Tue Apr 28 19:39:32 UTC 2026
Cache sync 49 at Tue Apr 28 19:39:32 UTC 2026
Cache sync 50 at Tue Apr 28 19:39:32 UTC 2026
Cache sync 51 at Tue Apr 28 19:39:32 UTC 2026
Cache sync 52 at Tue Apr 28 19:39:32 UTC 2026
Cache sync 53 at Tue Apr 28 19:39:32 UTC 2026
Cache sync 54 at Tue Apr 28 19:39:32 UTC 2026
Cache sync 55 at Tue Apr 28 19:39:32 UTC 2026
Cache sync 56 at Tue Apr 28 19:39:32 UTC 2026
Cache sync 57 at Tue Apr 28 19:39:32 UTC 2026
Cache sync 58 at Tue Apr 28 19:39:32 UTC 2026
Cache sync 59 at Tue Apr 28 19:39:32 UTC 2026
Cache sync 60 at Tue Apr 28 19:39:32 UTC 2026
Cache sync 61 at Tue Apr 28 19:39:32 UTC 2026
Cache sync 62 at Tue Apr 28 19:39:32 UTC 2026
Cache sync 63 at Tue Apr 28 19:39:32 UTC 2026
Cache sync 64 at Tue Apr 28 19:39:32 UTC 2026
Cache sync 65 at Tue Apr 28 19:39:32 UTC 2026
Cache sync 66 at Tue Apr 28 19:39:32 UTC 2026
Cache sync 67 at Tue Apr 28 19:39:32 UTC 2026
Cache sync 68 at Tue Apr 28 19:39:32 UTC 2026
Cache sync 69 at Tue Apr 28 19:39:32 UTC 2026
Cache sync 70 at Tue Apr 28 19:39:32 UTC 2026
Cache sync 71 at Tue Apr 28 19:39:32 UTC 2026
Cache sync 72 at Tue Apr 28 19:39:32 UTC 2026
Cache sync 73 at Tue Apr 28 19:39:32 UTC 2026
Cache sync 74 at Tue Apr 28 19:39:32 UTC 2026
Cache sync 75 at Tue Apr 28 19:39:32 UTC 2026
Cache sync 76 at Tue Apr 28 19:39:32 UTC 2026
Cache sync 77 at Tue Apr 28 19:39:32 UTC 2026
Cache sync 1 at Wed Apr 29 02:44:37 UTC 2026
Cache sync 2 at Wed Apr 29 02:44:37 UTC 2026
Cache sync 3 at Wed Apr 29 02:44:37 UTC 2026
Cache sync 4 at Wed Apr 29 02:44:37 UTC 2026
Cache sync 5 at Wed Apr 29 02:44:37 UTC 2026
Cache sync 6 at Wed Apr 29 02:44:37 UTC 2026
Cache sync 7 at Wed Apr 29 02:44:37 UTC 2026
Cache sync 8 at Wed Apr 29 02:44:37 UTC 2026
Cache sync 9 at Wed Apr 29 02:44:37 UTC 2026
Cache sync 10 at Wed Apr 29 02:44:37 UTC 2026
Cache sync 11 at Wed Apr 29 02:44:37 UTC 2026
Cache sync 12 at Wed Apr 29 02:44:37 UTC 2026
Cache sync 1 at Wed Apr 29 13:52:01 UTC 2026
Cache sync 2 at Wed Apr 29 13:52:01 UTC 2026
Cache sync 3 at Wed Apr 29 13:52:01 UTC 2026
Cache sync 4 at Wed Apr 29 13:52:01 UTC 2026
Cache sync 5 at Wed Apr 29 13:52:01 UTC 2026
Cache sync 6 at Wed Apr 29 13:52:01 UTC 2026
Cache sync 1 at Wed Apr 29 19:23:05 UTC 2026
Cache sync 2 at Wed Apr 29 19:23:05 UTC 2026
Cache sync 3 at Wed Apr 29 19:23:05 UTC 2026
Cache sync 4 at Wed Apr 29 19:23:05 UTC 2026
Cache sync 5 at Wed Apr 29 19:23:05 UTC 2026
Cache sync 6 at Wed Apr 29 19:23:05 UTC 2026
Cache sync 7 at Wed Apr 29 19:23:05 UTC 2026
Cache sync 8 at Wed Apr 29 19:23:05 UTC 2026
Cache sync 9 at Wed Apr 29 19:23:05 UTC 2026
Cache sync 10 at Wed Apr 29 19:23:05 UTC 2026
Cache sync 11 at Wed Apr 29 19:23:05 UTC 2026
Cache sync 12 at Wed Apr 29 19:23:05 UTC 2026
Cache sync 13 at Wed Apr 29 19:23:05 UTC 2026
Cache sync 14 at Wed Apr 29 19:23:05 UTC 2026
Cache sync 15 at Wed Apr 29 19:23:05 UTC 2026
Cache sync 16 at Wed Apr 29 19:23:05 UTC 2026
Cache sync 17 at Wed Apr 29 19:23:05 UTC 2026
Cache sync 18 at Wed Apr 29 19:23:05 UTC 2026
Cache sync 19 at Wed Apr 29 19:23:05 UTC 2026
Cache sync 20 at Wed Apr 29 19:23:05 UTC 2026
Cache sync 21 at Wed Apr 29 19:23:05 UTC 2026
Cache sync 22 at Wed Apr 29 19:23:05 UTC 2026
Cache sync 23 at Wed Apr 29 19:23:05 UTC 2026
Cache sync 24 at Wed Apr 29 19:23:05 UTC 2026
Cache sync 25 at Wed Apr 29 19:23:05 UTC 2026
Cache sync 26 at Wed Apr 29 19:23:05 UTC 2026
Cache sync 27 at Wed Apr 29 19:23:05 UTC 2026
Cache sync 28 at Wed Apr 29 19:23:05 UTC 2026
Cache sync 29 at Wed Apr 29 19:23:05 UTC 2026
Cache sync 30 at Wed Apr 29 19:23:05 UTC 2026
Cache sync 31 at Wed Apr 29 19:23:05 UTC 2026
Cache sync 32 at Wed Apr 29 19:23:05 UTC 2026
Cache sync 33 at Wed Apr 29 19:23:05 UTC 2026
Cache sync 34 at Wed Apr 29 19:23:05 UTC 2026
Cache sync 35 at Wed Apr 29 19:23:05 UTC 2026
Cache sync 36 at Wed Apr 29 19:23:05 UTC 2026
Cache sync 37 at Wed Apr 29 19:23:05 UTC 2026
Cache sync 38 at Wed Apr 29 19:23:05 UTC 2026
Cache sync 39 at Wed Apr 29 19:23:05 UTC 2026
Cache sync 40 at Wed Apr 29 19:23:05 UTC 2026
Cache sync 41 at Wed Apr 29 19:23:05 UTC 2026
Cache sync 42 at Wed Apr 29 19:23:05 UTC 2026
Cache sync 43 at Wed Apr 29 19:23:05 UTC 2026
Cache sync 44 at Wed Apr 29 19:23:05 UTC 2026
Cache sync 45 at Wed Apr 29 19:23:05 UTC 2026
Cache sync 46 at Wed Apr 29 19:23:05 UTC 2026
Cache sync 47 at Wed Apr 29 19:23:05 UTC 2026
Cache sync 48 at Wed Apr 29 19:23:05 UTC 2026
Cache sync 49 at Wed Apr 29 19:23:05 UTC 2026
Cache sync 50 at Wed Apr 29 19:23:05 UTC 2026
Cache sync 51 at Wed Apr 29 19:23:05 UTC 2026
Cache sync 52 at Wed Apr 29 19:23:05 UTC 2026
Cache sync 53 at Wed Apr 29 19:23:05 UTC 2026
Cache sync 54 at Wed Apr 29 19:23:05 UTC 2026
Cache sync 55 at Wed Apr 29 19:23:05 UTC 2026
Cache sync 56 at Wed Apr 29 19:23:06 UTC 2026
Cache sync 57 at Wed Apr 29 19:23:06 UTC 2026
Cache sync 58 at Wed Apr 29 19:23:06 UTC 2026
Cache sync 59 at Wed Apr 29 19:23:06 UTC 2026
Cache sync 60 at Wed Apr 29 19:23:06 UTC 2026
Cache sync 1 at Thu Apr 30 02:46:02 UTC 2026
Cache sync 2 at Thu Apr 30 02:46:02 UTC 2026
Cache sync 3 at Thu Apr 30 02:46:02 UTC 2026
Cache sync 4 at Thu Apr 30 02:46:02 UTC 2026
Cache sync 5 at Thu Apr 30 02:46:02 UTC 2026
Cache sync 6 at Thu Apr 30 02:46:02 UTC 2026
Cache sync 7 at Thu Apr 30 02:46:02 UTC 2026
Cache sync 8 at Thu Apr 30 02:46:02 UTC 2026
Cache sync 9 at Thu Apr 30 02:46:02 UTC 2026
Cache sync 10 at Thu Apr 30 02:46:02 UTC 2026
Cache sync 11 at Thu Apr 30 02:46:02 UTC 2026
Cache sync 12 at Thu Apr 30 02:46:02 UTC 2026
Cache sync 13 at Thu Apr 30 02:46:02 UTC 2026
Cache sync 14 at Thu Apr 30 02:46:02 UTC 2026
Cache sync 15 at Thu Apr 30 02:46:02 UTC 2026
Cache sync 1 at Thu Apr 30 13:51:00 UTC 2026
Cache sync 2 at Thu Apr 30 13:51:00 UTC 2026
Cache sync 3 at Thu Apr 30 13:51:00 UTC 2026
Cache sync 4 at Thu Apr 30 13:51:00 UTC 2026
Cache sync 5 at Thu Apr 30 13:51:00 UTC 2026
Cache sync 6 at Thu Apr 30 13:51:00 UTC 2026
Cache sync 7 at Thu Apr 30 13:51:00 UTC 2026
Cache sync 8 at Thu Apr 30 13:51:00 UTC 2026
Cache sync 9 at Thu Apr 30 13:51:00 UTC 2026
Cache sync 10 at Thu Apr 30 13:51:00 UTC 2026
Cache sync 11 at Thu Apr 30 13:51:00 UTC 2026
Cache sync 12 at Thu Apr 30 13:51:00 UTC 2026
Cache sync 13 at Thu Apr 30 13:51:00 UTC 2026
Cache sync 14 at Thu Apr 30 13:51:00 UTC 2026
Cache sync 15 at Thu Apr 30 13:51:00 UTC 2026
Cache sync 16 at Thu Apr 30 13:51:00 UTC 2026
Cache sync 17 at Thu Apr 30 13:51:00 UTC 2026
Cache sync 18 at Thu Apr 30 13:51:00 UTC 2026
Cache sync 19 at Thu Apr 30 13:51:00 UTC 2026
Cache sync 20 at Thu Apr 30 13:51:00 UTC 2026
Cache sync 21 at Thu Apr 30 13:51:00 UTC 2026
Cache sync 22 at Thu Apr 30 13:51:00 UTC 2026
Cache sync 23 at Thu Apr 30 13:51:00 UTC 2026
Cache sync 24 at Thu Apr 30 13:51:00 UTC 2026
Cache sync 25 at Thu Apr 30 13:51:00 UTC 2026
Cache sync 26 at Thu Apr 30 13:51:00 UTC 2026
Cache sync 27 at Thu Apr 30 13:51:00 UTC 2026
Cache sync 28 at Thu Apr 30 13:51:00 UTC 2026
Cache sync 1 at Thu Apr 30 19:18:33 UTC 2026
Cache sync 2 at Thu Apr 30 19:18:33 UTC 2026
Cache sync 3 at Thu Apr 30 19:18:33 UTC 2026
Cache sync 4 at Thu Apr 30 19:18:33 UTC 2026
Cache sync 5 at Thu Apr 30 19:18:33 UTC 2026
Cache sync 6 at Thu Apr 30 19:18:33 UTC 2026
Cache sync 7 at Thu Apr 30 19:18:33 UTC 2026
Cache sync 8 at Thu Apr 30 19:18:33 UTC 2026
Cache sync 9 at Thu Apr 30 19:18:33 UTC 2026
Cache sync 10 at Thu Apr 30 19:18:33 UTC 2026
Cache sync 11 at Thu Apr 30 19:18:33 UTC 2026
Cache sync 12 at Thu Apr 30 19:18:33 UTC 2026
Cache sync 13 at Thu Apr 30 19:18:33 UTC 2026
Cache sync 14 at Thu Apr 30 19:18:33 UTC 2026
Cache sync 15 at Thu Apr 30 19:18:33 UTC 2026
Cache sync 16 at Thu Apr 30 19:18:33 UTC 2026
Cache sync 17 at Thu Apr 30 19:18:33 UTC 2026
Cache sync 18 at Thu Apr 30 19:18:33 UTC 2026
Cache sync 19 at Thu Apr 30 19:18:33 UTC 2026
Cache sync 20 at Thu Apr 30 19:18:33 UTC 2026
Cache sync 21 at Thu Apr 30 19:18:33 UTC 2026
Cache sync 22 at Thu Apr 30 19:18:33 UTC 2026
Cache sync 23 at Thu Apr 30 19:18:33 UTC 2026
Cache sync 24 at Thu Apr 30 19:18:33 UTC 2026
Cache sync 25 at Thu Apr 30 19:18:33 UTC 2026
Cache sync 26 at Thu Apr 30 19:18:33 UTC 2026
Cache sync 27 at Thu Apr 30 19:18:33 UTC 2026
Cache sync 28 at Thu Apr 30 19:18:33 UTC 2026
Cache sync 29 at Thu Apr 30 19:18:33 UTC 2026
Cache sync 30 at Thu Apr 30 19:18:33 UTC 2026
Cache sync 31 at Thu Apr 30 19:18:33 UTC 2026
Cache sync 32 at Thu Apr 30 19:18:33 UTC 2026
Cache sync 33 at Thu Apr 30 19:18:33 UTC 2026
Cache sync 34 at Thu Apr 30 19:18:33 UTC 2026
Cache sync 35 at Thu Apr 30 19:18:33 UTC 2026
Cache sync 36 at Thu Apr 30 19:18:33 UTC 2026
Cache sync 37 at Thu Apr 30 19:18:33 UTC 2026
Cache sync 38 at Thu Apr 30 19:18:33 UTC 2026
Cache sync 39 at Thu Apr 30 19:18:33 UTC 2026
Cache sync 40 at Thu Apr 30 19:18:33 UTC 2026
Cache sync 41 at Thu Apr 30 19:18:33 UTC 2026
Cache sync 42 at Thu Apr 30 19:18:33 UTC 2026
Cache sync 1 at Fri May  1 02:52:39 UTC 2026
Cache sync 2 at Fri May  1 02:52:39 UTC 2026
Cache sync 3 at Fri May  1 02:52:39 UTC 2026
Cache sync 4 at Fri May  1 02:52:39 UTC 2026
Cache sync 5 at Fri May  1 02:52:39 UTC 2026
Cache sync 6 at Fri May  1 02:52:39 UTC 2026
Cache sync 7 at Fri May  1 02:52:39 UTC 2026
Cache sync 8 at Fri May  1 02:52:39 UTC 2026
Cache sync 9 at Fri May  1 02:52:39 UTC 2026
Cache sync 1 at Fri May  1 08:09:47 UTC 2026
Cache sync 2 at Fri May  1 08:09:47 UTC 2026
Cache sync 3 at Fri May  1 08:09:47 UTC 2026
Cache sync 4 at Fri May  1 08:09:47 UTC 2026
Cache sync 5 at Fri May  1 08:09:47 UTC 2026
Cache sync 6 at Fri May  1 08:09:47 UTC 2026
Cache sync 7 at Fri May  1 08:09:47 UTC 2026
Cache sync 8 at Fri May  1 08:09:47 UTC 2026
Cache sync 9 at Fri May  1 08:09:47 UTC 2026
Cache sync 10 at Fri May  1 08:09:47 UTC 2026
Cache sync 11 at Fri May  1 08:09:47 UTC 2026
Cache sync 12 at Fri May  1 08:09:47 UTC 2026
Cache sync 13 at Fri May  1 08:09:47 UTC 2026
Cache sync 14 at Fri May  1 08:09:47 UTC 2026
Cache sync 15 at Fri May  1 08:09:47 UTC 2026
Cache sync 16 at Fri May  1 08:09:47 UTC 2026
Cache sync 17 at Fri May  1 08:09:47 UTC 2026
Cache sync 18 at Fri May  1 08:09:47 UTC 2026
Cache sync 19 at Fri May  1 08:09:47 UTC 2026
Cache sync 20 at Fri May  1 08:09:47 UTC 2026
Cache sync 21 at Fri May  1 08:09:47 UTC 2026
Cache sync 22 at Fri May  1 08:09:47 UTC 2026
Cache sync 23 at Fri May  1 08:09:47 UTC 2026
Cache sync 24 at Fri May  1 08:09:47 UTC 2026
Cache sync 25 at Fri May  1 08:09:47 UTC 2026
Cache sync 26 at Fri May  1 08:09:47 UTC 2026
Cache sync 27 at Fri May  1 08:09:47 UTC 2026
Cache sync 28 at Fri May  1 08:09:47 UTC 2026
Cache sync 29 at Fri May  1 08:09:47 UTC 2026
Cache sync 30 at Fri May  1 08:09:47 UTC 2026
Cache sync 31 at Fri May  1 08:09:47 UTC 2026
Cache sync 32 at Fri May  1 08:09:47 UTC 2026
Cache sync 33 at Fri May  1 08:09:47 UTC 2026
Cache sync 34 at Fri May  1 08:09:47 UTC 2026
Cache sync 35 at Fri May  1 08:09:47 UTC 2026
Cache sync 36 at Fri May  1 08:09:47 UTC 2026
Cache sync 37 at Fri May  1 08:09:47 UTC 2026
Cache sync 38 at Fri May  1 08:09:47 UTC 2026
Cache sync 39 at Fri May  1 08:09:47 UTC 2026
Cache sync 40 at Fri May  1 08:09:47 UTC 2026
Cache sync 41 at Fri May  1 08:09:47 UTC 2026
Cache sync 42 at Fri May  1 08:09:47 UTC 2026
Cache sync 43 at Fri May  1 08:09:47 UTC 2026
Cache sync 44 at Fri May  1 08:09:47 UTC 2026
Cache sync 45 at Fri May  1 08:09:47 UTC 2026
Cache sync 46 at Fri May  1 08:09:47 UTC 2026
Cache sync 47 at Fri May  1 08:09:47 UTC 2026
Cache sync 48 at Fri May  1 08:09:47 UTC 2026
Cache sync 49 at Fri May  1 08:09:47 UTC 2026
Cache sync 50 at Fri May  1 08:09:47 UTC 2026
Cache sync 51 at Fri May  1 08:09:47 UTC 2026
Cache sync 52 at Fri May  1 08:09:47 UTC 2026
Cache sync 53 at Fri May  1 08:09:47 UTC 2026
Cache sync 54 at Fri May  1 08:09:47 UTC 2026
Cache sync 55 at Fri May  1 08:09:47 UTC 2026
Cache sync 56 at Fri May  1 08:09:47 UTC 2026
Cache sync 57 at Fri May  1 08:09:47 UTC 2026
Cache sync 58 at Fri May  1 08:09:47 UTC 2026
Cache sync 59 at Fri May  1 08:09:47 UTC 2026
Cache sync 60 at Fri May  1 08:09:47 UTC 2026
Cache sync 61 at Fri May  1 08:09:47 UTC 2026
Cache sync 62 at Fri May  1 08:09:47 UTC 2026
Cache sync 63 at Fri May  1 08:09:47 UTC 2026
Cache sync 64 at Fri May  1 08:09:47 UTC 2026
Cache sync 65 at Fri May  1 08:09:47 UTC 2026
Cache sync 1 at Fri May  1 13:15:55 UTC 2026
Cache sync 2 at Fri May  1 13:15:55 UTC 2026
Cache sync 3 at Fri May  1 13:15:55 UTC 2026
Cache sync 4 at Fri May  1 13:15:55 UTC 2026
Cache sync 5 at Fri May  1 13:15:55 UTC 2026
Cache sync 6 at Fri May  1 13:15:55 UTC 2026
Cache sync 7 at Fri May  1 13:15:55 UTC 2026
Cache sync 8 at Fri May  1 13:15:55 UTC 2026
Cache sync 9 at Fri May  1 13:15:55 UTC 2026
Cache sync 10 at Fri May  1 13:15:55 UTC 2026
Cache sync 11 at Fri May  1 13:15:55 UTC 2026
Cache sync 12 at Fri May  1 13:15:55 UTC 2026
Cache sync 13 at Fri May  1 13:15:55 UTC 2026
Cache sync 14 at Fri May  1 13:15:55 UTC 2026
Cache sync 15 at Fri May  1 13:15:55 UTC 2026
Cache sync 16 at Fri May  1 13:15:55 UTC 2026
Cache sync 17 at Fri May  1 13:15:55 UTC 2026
Cache sync 18 at Fri May  1 13:15:56 UTC 2026
Cache sync 19 at Fri May  1 13:15:56 UTC 2026
Cache sync 20 at Fri May  1 13:15:56 UTC 2026
Cache sync 21 at Fri May  1 13:15:56 UTC 2026
Cache sync 22 at Fri May  1 13:15:56 UTC 2026
Cache sync 23 at Fri May  1 13:15:56 UTC 2026
Cache sync 24 at Fri May  1 13:15:56 UTC 2026
Cache sync 25 at Fri May  1 13:15:56 UTC 2026
Cache sync 26 at Fri May  1 13:15:56 UTC 2026
Cache sync 27 at Fri May  1 13:15:56 UTC 2026
Cache sync 28 at Fri May  1 13:15:56 UTC 2026
Cache sync 29 at Fri May  1 13:15:56 UTC 2026
Cache sync 30 at Fri May  1 13:15:56 UTC 2026
Cache sync 31 at Fri May  1 13:15:56 UTC 2026
Cache sync 32 at Fri May  1 13:15:56 UTC 2026
Cache sync 1 at Fri May  1 19:09:17 UTC 2026
Cache sync 2 at Fri May  1 19:09:17 UTC 2026
Cache sync 3 at Fri May  1 19:09:17 UTC 2026
Cache sync 4 at Fri May  1 19:09:17 UTC 2026
Cache sync 5 at Fri May  1 19:09:17 UTC 2026
Cache sync 6 at Fri May  1 19:09:17 UTC 2026
Cache sync 7 at Fri May  1 19:09:17 UTC 2026
Cache sync 8 at Fri May  1 19:09:18 UTC 2026
Cache sync 9 at Fri May  1 19:09:18 UTC 2026
Cache sync 10 at Fri May  1 19:09:18 UTC 2026
Cache sync 11 at Fri May  1 19:09:18 UTC 2026
Cache sync 12 at Fri May  1 19:09:18 UTC 2026
Cache sync 13 at Fri May  1 19:09:18 UTC 2026
Cache sync 14 at Fri May  1 19:09:18 UTC 2026
Cache sync 15 at Fri May  1 19:09:18 UTC 2026
Cache sync 16 at Fri May  1 19:09:18 UTC 2026
Cache sync 17 at Fri May  1 19:09:18 UTC 2026
Cache sync 18 at Fri May  1 19:09:18 UTC 2026
Cache sync 19 at Fri May  1 19:09:18 UTC 2026
Cache sync 20 at Fri May  1 19:09:18 UTC 2026
Cache sync 21 at Fri May  1 19:09:18 UTC 2026
Cache sync 22 at Fri May  1 19:09:18 UTC 2026
Cache sync 23 at Fri May  1 19:09:18 UTC 2026
Cache sync 24 at Fri May  1 19:09:18 UTC 2026
Cache sync 25 at Fri May  1 19:09:18 UTC 2026
Cache sync 26 at Fri May  1 19:09:18 UTC 2026
Cache sync 27 at Fri May  1 19:09:18 UTC 2026
Cache sync 28 at Fri May  1 19:09:18 UTC 2026
Cache sync 29 at Fri May  1 19:09:18 UTC 2026
Cache sync 30 at Fri May  1 19:09:18 UTC 2026
Cache sync 31 at Fri May  1 19:09:18 UTC 2026
Cache sync 32 at Fri May  1 19:09:18 UTC 2026
Cache sync 33 at Fri May  1 19:09:18 UTC 2026
Cache sync 34 at Fri May  1 19:09:18 UTC 2026
Cache sync 35 at Fri May  1 19:09:18 UTC 2026
Cache sync 36 at Fri May  1 19:09:18 UTC 2026
Cache sync 37 at Fri May  1 19:09:18 UTC 2026
Cache sync 38 at Fri May  1 19:09:18 UTC 2026
Cache sync 39 at Fri May  1 19:09:18 UTC 2026
Cache sync 40 at Fri May  1 19:09:18 UTC 2026
Cache sync 41 at Fri May  1 19:09:18 UTC 2026
Cache sync 42 at Fri May  1 19:09:18 UTC 2026
Cache sync 43 at Fri May  1 19:09:18 UTC 2026
Cache sync 44 at Fri May  1 19:09:18 UTC 2026
Cache sync 45 at Fri May  1 19:09:18 UTC 2026
Cache sync 46 at Fri May  1 19:09:18 UTC 2026
Cache sync 47 at Fri May  1 19:09:18 UTC 2026
Cache sync 48 at Fri May  1 19:09:18 UTC 2026
Cache sync 49 at Fri May  1 19:09:18 UTC 2026
Cache sync 50 at Fri May  1 19:09:18 UTC 2026
Cache sync 51 at Fri May  1 19:09:18 UTC 2026
Cache sync 52 at Fri May  1 19:09:18 UTC 2026
Cache sync 53 at Fri May  1 19:09:18 UTC 2026
Cache sync 54 at Fri May  1 19:09:18 UTC 2026
Cache sync 55 at Fri May  1 19:09:18 UTC 2026
Cache sync 1 at Sat May  2 07:41:33 UTC 2026
Cache sync 2 at Sat May  2 07:41:33 UTC 2026
Cache sync 3 at Sat May  2 07:41:33 UTC 2026
Cache sync 4 at Sat May  2 07:41:33 UTC 2026
Cache sync 5 at Sat May  2 07:41:33 UTC 2026
Cache sync 6 at Sat May  2 07:41:33 UTC 2026
Cache sync 7 at Sat May  2 07:41:33 UTC 2026
Cache sync 8 at Sat May  2 07:41:33 UTC 2026
Cache sync 9 at Sat May  2 07:41:33 UTC 2026
Cache sync 10 at Sat May  2 07:41:33 UTC 2026
Cache sync 11 at Sat May  2 07:41:33 UTC 2026
Cache sync 12 at Sat May  2 07:41:33 UTC 2026
Cache sync 13 at Sat May  2 07:41:33 UTC 2026
Cache sync 14 at Sat May  2 07:41:33 UTC 2026
Cache sync 15 at Sat May  2 07:41:33 UTC 2026
Cache sync 16 at Sat May  2 07:41:33 UTC 2026
Cache sync 17 at Sat May  2 07:41:33 UTC 2026
Cache sync 18 at Sat May  2 07:41:33 UTC 2026
Cache sync 19 at Sat May  2 07:41:33 UTC 2026
Cache sync 20 at Sat May  2 07:41:33 UTC 2026
Cache sync 21 at Sat May  2 07:41:33 UTC 2026
Cache sync 22 at Sat May  2 07:41:33 UTC 2026
Cache sync 23 at Sat May  2 07:41:33 UTC 2026
Cache sync 24 at Sat May  2 07:41:33 UTC 2026
Cache sync 25 at Sat May  2 07:41:33 UTC 2026
Cache sync 1 at Sat May  2 13:07:11 UTC 2026
Cache sync 2 at Sat May  2 13:07:11 UTC 2026
Cache sync 3 at Sat May  2 13:07:11 UTC 2026
Cache sync 4 at Sat May  2 13:07:11 UTC 2026
Cache sync 5 at Sat May  2 13:07:11 UTC 2026
Cache sync 6 at Sat May  2 13:07:11 UTC 2026
Cache sync 7 at Sat May  2 13:07:11 UTC 2026
Cache sync 8 at Sat May  2 13:07:11 UTC 2026
Cache sync 9 at Sat May  2 13:07:11 UTC 2026
Cache sync 10 at Sat May  2 13:07:11 UTC 2026
Cache sync 11 at Sat May  2 13:07:11 UTC 2026
Cache sync 12 at Sat May  2 13:07:11 UTC 2026
Cache sync 13 at Sat May  2 13:07:11 UTC 2026
Cache sync 14 at Sat May  2 13:07:11 UTC 2026
Cache sync 15 at Sat May  2 13:07:11 UTC 2026
Cache sync 16 at Sat May  2 13:07:11 UTC 2026
Cache sync 17 at Sat May  2 13:07:11 UTC 2026
Cache sync 18 at Sat May  2 13:07:11 UTC 2026
Cache sync 19 at Sat May  2 13:07:11 UTC 2026
Cache sync 20 at Sat May  2 13:07:11 UTC 2026
Cache sync 21 at Sat May  2 13:07:11 UTC 2026
Cache sync 22 at Sat May  2 13:07:11 UTC 2026
Cache sync 23 at Sat May  2 13:07:11 UTC 2026
Cache sync 24 at Sat May  2 13:07:11 UTC 2026
Cache sync 25 at Sat May  2 13:07:11 UTC 2026
Cache sync 26 at Sat May  2 13:07:11 UTC 2026
Cache sync 27 at Sat May  2 13:07:11 UTC 2026
Cache sync 28 at Sat May  2 13:07:11 UTC 2026
Cache sync 29 at Sat May  2 13:07:11 UTC 2026
Cache sync 30 at Sat May  2 13:07:11 UTC 2026
Cache sync 31 at Sat May  2 13:07:11 UTC 2026
Cache sync 32 at Sat May  2 13:07:11 UTC 2026
Cache sync 33 at Sat May  2 13:07:11 UTC 2026
Cache sync 34 at Sat May  2 13:07:11 UTC 2026
Cache sync 35 at Sat May  2 13:07:12 UTC 2026
Cache sync 36 at Sat May  2 13:07:12 UTC 2026
Cache sync 37 at Sat May  2 13:07:12 UTC 2026
Cache sync 38 at Sat May  2 13:07:12 UTC 2026
Cache sync 39 at Sat May  2 13:07:12 UTC 2026
Cache sync 40 at Sat May  2 13:07:12 UTC 2026
Cache sync 41 at Sat May  2 13:07:12 UTC 2026
Cache sync 42 at Sat May  2 13:07:12 UTC 2026
Cache sync 43 at Sat May  2 13:07:12 UTC 2026
Cache sync 1 at Sat May  2 18:56:53 UTC 2026
Cache sync 2 at Sat May  2 18:56:53 UTC 2026
Cache sync 3 at Sat May  2 18:56:53 UTC 2026
Cache sync 4 at Sat May  2 18:56:53 UTC 2026
Cache sync 5 at Sat May  2 18:56:53 UTC 2026
Cache sync 6 at Sat May  2 18:56:53 UTC 2026
Cache sync 7 at Sat May  2 18:56:53 UTC 2026
Cache sync 8 at Sat May  2 18:56:53 UTC 2026
Cache sync 9 at Sat May  2 18:56:53 UTC 2026
Cache sync 10 at Sat May  2 18:56:53 UTC 2026
Cache sync 11 at Sat May  2 18:56:53 UTC 2026
Cache sync 12 at Sat May  2 18:56:53 UTC 2026
Cache sync 1 at Sun May  3 02:44:43 UTC 2026
Cache sync 2 at Sun May  3 02:44:43 UTC 2026
Cache sync 3 at Sun May  3 02:44:43 UTC 2026
Cache sync 4 at Sun May  3 02:44:43 UTC 2026
Cache sync 5 at Sun May  3 02:44:43 UTC 2026
Cache sync 6 at Sun May  3 02:44:43 UTC 2026
Cache sync 7 at Sun May  3 02:44:43 UTC 2026
Cache sync 8 at Sun May  3 02:44:44 UTC 2026
Cache sync 1 at Sun May  3 07:59:38 UTC 2026
Cache sync 2 at Sun May  3 07:59:38 UTC 2026
Cache sync 3 at Sun May  3 07:59:38 UTC 2026
Cache sync 4 at Sun May  3 07:59:38 UTC 2026
Cache sync 5 at Sun May  3 07:59:38 UTC 2026
Cache sync 6 at Sun May  3 07:59:38 UTC 2026
Cache sync 7 at Sun May  3 07:59:38 UTC 2026
Cache sync 8 at Sun May  3 07:59:38 UTC 2026
Cache sync 9 at Sun May  3 07:59:38 UTC 2026
Cache sync 10 at Sun May  3 07:59:38 UTC 2026
Cache sync 11 at Sun May  3 07:59:38 UTC 2026
Cache sync 12 at Sun May  3 07:59:38 UTC 2026
Cache sync 13 at Sun May  3 07:59:38 UTC 2026
Cache sync 14 at Sun May  3 07:59:38 UTC 2026
Cache sync 15 at Sun May  3 07:59:38 UTC 2026
Cache sync 16 at Sun May  3 07:59:38 UTC 2026
Cache sync 17 at Sun May  3 07:59:38 UTC 2026
Cache sync 18 at Sun May  3 07:59:38 UTC 2026
Cache sync 19 at Sun May  3 07:59:38 UTC 2026
Cache sync 20 at Sun May  3 07:59:38 UTC 2026
Cache sync 21 at Sun May  3 07:59:39 UTC 2026
Cache sync 22 at Sun May  3 07:59:39 UTC 2026
Cache sync 23 at Sun May  3 07:59:39 UTC 2026
Cache sync 24 at Sun May  3 07:59:39 UTC 2026
Cache sync 25 at Sun May  3 07:59:39 UTC 2026
Cache sync 26 at Sun May  3 07:59:39 UTC 2026
Cache sync 27 at Sun May  3 07:59:39 UTC 2026
Cache sync 28 at Sun May  3 07:59:39 UTC 2026
Cache sync 29 at Sun May  3 07:59:39 UTC 2026
Cache sync 30 at Sun May  3 07:59:39 UTC 2026
Cache sync 31 at Sun May  3 07:59:39 UTC 2026
Cache sync 32 at Sun May  3 07:59:39 UTC 2026
Cache sync 33 at Sun May  3 07:59:39 UTC 2026
Cache sync 34 at Sun May  3 07:59:39 UTC 2026
Cache sync 35 at Sun May  3 07:59:39 UTC 2026
Cache sync 36 at Sun May  3 07:59:39 UTC 2026
Cache sync 37 at Sun May  3 07:59:39 UTC 2026
Cache sync 38 at Sun May  3 07:59:39 UTC 2026
Cache sync 39 at Sun May  3 07:59:39 UTC 2026
Cache sync 40 at Sun May  3 07:59:39 UTC 2026
Cache sync 41 at Sun May  3 07:59:39 UTC 2026
Cache sync 42 at Sun May  3 07:59:39 UTC 2026
Cache sync 43 at Sun May  3 07:59:39 UTC 2026
Cache sync 44 at Sun May  3 07:59:39 UTC 2026
Cache sync 45 at Sun May  3 07:59:39 UTC 2026
Cache sync 46 at Sun May  3 07:59:39 UTC 2026
Cache sync 47 at Sun May  3 07:59:39 UTC 2026
Cache sync 48 at Sun May  3 07:59:39 UTC 2026
Cache sync 49 at Sun May  3 07:59:39 UTC 2026
Cache sync 50 at Sun May  3 07:59:39 UTC 2026
Cache sync 51 at Sun May  3 07:59:39 UTC 2026
Cache sync 52 at Sun May  3 07:59:39 UTC 2026
Cache sync 53 at Sun May  3 07:59:39 UTC 2026
Cache sync 54 at Sun May  3 07:59:39 UTC 2026
Cache sync 55 at Sun May  3 07:59:39 UTC 2026
Cache sync 1 at Sun May  3 13:06:18 UTC 2026
Cache sync 2 at Sun May  3 13:06:18 UTC 2026
Cache sync 3 at Sun May  3 13:06:18 UTC 2026
Cache sync 4 at Sun May  3 13:06:18 UTC 2026
Cache sync 5 at Sun May  3 13:06:18 UTC 2026
Cache sync 6 at Sun May  3 13:06:18 UTC 2026
Cache sync 7 at Sun May  3 13:06:18 UTC 2026
Cache sync 8 at Sun May  3 13:06:18 UTC 2026
Cache sync 9 at Sun May  3 13:06:18 UTC 2026
Cache sync 10 at Sun May  3 13:06:18 UTC 2026
Cache sync 11 at Sun May  3 13:06:18 UTC 2026
Cache sync 12 at Sun May  3 13:06:18 UTC 2026
Cache sync 13 at Sun May  3 13:06:18 UTC 2026
Cache sync 14 at Sun May  3 13:06:18 UTC 2026
Cache sync 15 at Sun May  3 13:06:18 UTC 2026
Cache sync 16 at Sun May  3 13:06:18 UTC 2026
Cache sync 1 at Sun May  3 18:57:17 UTC 2026
Cache sync 2 at Sun May  3 18:57:17 UTC 2026
Cache sync 3 at Sun May  3 18:57:17 UTC 2026
Cache sync 4 at Sun May  3 18:57:17 UTC 2026
Cache sync 5 at Sun May  3 18:57:17 UTC 2026
Cache sync 6 at Sun May  3 18:57:17 UTC 2026
Cache sync 7 at Sun May  3 18:57:17 UTC 2026
Cache sync 8 at Sun May  3 18:57:17 UTC 2026
Cache sync 9 at Sun May  3 18:57:17 UTC 2026
Cache sync 10 at Sun May  3 18:57:17 UTC 2026
Cache sync 11 at Sun May  3 18:57:17 UTC 2026
Cache sync 12 at Sun May  3 18:57:17 UTC 2026
Cache sync 13 at Sun May  3 18:57:17 UTC 2026
Cache sync 14 at Sun May  3 18:57:17 UTC 2026
Cache sync 15 at Sun May  3 18:57:17 UTC 2026
Cache sync 16 at Sun May  3 18:57:17 UTC 2026
Cache sync 17 at Sun May  3 18:57:17 UTC 2026
Cache sync 18 at Sun May  3 18:57:17 UTC 2026
Cache sync 19 at Sun May  3 18:57:17 UTC 2026
Cache sync 20 at Sun May  3 18:57:17 UTC 2026
Cache sync 21 at Sun May  3 18:57:17 UTC 2026
Cache sync 22 at Sun May  3 18:57:17 UTC 2026
Cache sync 23 at Sun May  3 18:57:17 UTC 2026
Cache sync 24 at Sun May  3 18:57:17 UTC 2026
Cache sync 25 at Sun May  3 18:57:17 UTC 2026
Cache sync 26 at Sun May  3 18:57:17 UTC 2026
Cache sync 27 at Sun May  3 18:57:17 UTC 2026
Cache sync 28 at Sun May  3 18:57:17 UTC 2026
Cache sync 29 at Sun May  3 18:57:17 UTC 2026
Cache sync 30 at Sun May  3 18:57:17 UTC 2026
Cache sync 1 at Mon May  4 02:42:25 UTC 2026
Cache sync 2 at Mon May  4 02:42:25 UTC 2026
Cache sync 3 at Mon May  4 02:42:25 UTC 2026
Cache sync 4 at Mon May  4 02:42:25 UTC 2026
Cache sync 5 at Mon May  4 02:42:25 UTC 2026
Cache sync 6 at Mon May  4 02:42:25 UTC 2026
Cache sync 7 at Mon May  4 02:42:25 UTC 2026
Cache sync 8 at Mon May  4 02:42:25 UTC 2026
Cache sync 9 at Mon May  4 02:42:25 UTC 2026
Cache sync 10 at Mon May  4 02:42:25 UTC 2026
Cache sync 11 at Mon May  4 02:42:25 UTC 2026
Cache sync 12 at Mon May  4 02:42:25 UTC 2026
Cache sync 13 at Mon May  4 02:42:25 UTC 2026
Cache sync 14 at Mon May  4 02:42:25 UTC 2026
Cache sync 15 at Mon May  4 02:42:25 UTC 2026
Cache sync 16 at Mon May  4 02:42:25 UTC 2026
Cache sync 17 at Mon May  4 02:42:25 UTC 2026
Cache sync 18 at Mon May  4 02:42:25 UTC 2026
Cache sync 19 at Mon May  4 02:42:25 UTC 2026
Cache sync 20 at Mon May  4 02:42:25 UTC 2026
Cache sync 21 at Mon May  4 02:42:25 UTC 2026
Cache sync 22 at Mon May  4 02:42:25 UTC 2026
Cache sync 23 at Mon May  4 02:42:25 UTC 2026
Cache sync 24 at Mon May  4 02:42:25 UTC 2026
Cache sync 25 at Mon May  4 02:42:25 UTC 2026
Cache sync 26 at Mon May  4 02:42:26 UTC 2026
Cache sync 27 at Mon May  4 02:42:26 UTC 2026
Cache sync 28 at Mon May  4 02:42:26 UTC 2026
Cache sync 29 at Mon May  4 02:42:26 UTC 2026
Cache sync 30 at Mon May  4 02:42:26 UTC 2026
Cache sync 31 at Mon May  4 02:42:26 UTC 2026
Cache sync 32 at Mon May  4 02:42:26 UTC 2026
Cache sync 33 at Mon May  4 02:42:26 UTC 2026
Cache sync 34 at Mon May  4 02:42:26 UTC 2026
Cache sync 35 at Mon May  4 02:42:26 UTC 2026
Cache sync 36 at Mon May  4 02:42:26 UTC 2026
Cache sync 37 at Mon May  4 02:42:26 UTC 2026
Cache sync 38 at Mon May  4 02:42:26 UTC 2026
Cache sync 39 at Mon May  4 02:42:26 UTC 2026
Cache sync 40 at Mon May  4 02:42:26 UTC 2026
Cache sync 41 at Mon May  4 02:42:26 UTC 2026
Cache sync 42 at Mon May  4 02:42:26 UTC 2026
Cache sync 43 at Mon May  4 02:42:26 UTC 2026
Cache sync 44 at Mon May  4 02:42:26 UTC 2026
Cache sync 45 at Mon May  4 02:42:26 UTC 2026
Cache sync 46 at Mon May  4 02:42:26 UTC 2026
Cache sync 47 at Mon May  4 02:42:26 UTC 2026
Cache sync 48 at Mon May  4 02:42:26 UTC 2026
Cache sync 49 at Mon May  4 02:42:26 UTC 2026
Cache sync 50 at Mon May  4 02:42:26 UTC 2026
Cache sync 51 at Mon May  4 02:42:26 UTC 2026
Cache sync 52 at Mon May  4 02:42:26 UTC 2026
Cache sync 53 at Mon May  4 02:42:26 UTC 2026
Cache sync 54 at Mon May  4 02:42:26 UTC 2026
Cache sync 55 at Mon May  4 02:42:26 UTC 2026
Cache sync 56 at Mon May  4 02:42:26 UTC 2026
Cache sync 57 at Mon May  4 02:42:26 UTC 2026
Cache sync 58 at Mon May  4 02:42:26 UTC 2026
Cache sync 59 at Mon May  4 02:42:26 UTC 2026
Cache sync 60 at Mon May  4 02:42:26 UTC 2026
Cache sync 61 at Mon May  4 02:42:26 UTC 2026
Cache sync 62 at Mon May  4 02:42:26 UTC 2026
Cache sync 63 at Mon May  4 02:42:26 UTC 2026
Cache sync 64 at Mon May  4 02:42:26 UTC 2026
Cache sync 65 at Mon May  4 02:42:26 UTC 2026
Cache sync 66 at Mon May  4 02:42:26 UTC 2026
Cache sync 67 at Mon May  4 02:42:26 UTC 2026
Cache sync 68 at Mon May  4 02:42:26 UTC 2026
Cache sync 69 at Mon May  4 02:42:26 UTC 2026
Cache sync 70 at Mon May  4 02:42:26 UTC 2026
Cache sync 71 at Mon May  4 02:42:26 UTC 2026
Cache sync 72 at Mon May  4 02:42:26 UTC 2026
Cache sync 73 at Mon May  4 02:42:26 UTC 2026
Cache sync 1 at Mon May  4 08:27:50 UTC 2026
Cache sync 2 at Mon May  4 08:27:50 UTC 2026
Cache sync 3 at Mon May  4 08:27:50 UTC 2026
Cache sync 4 at Mon May  4 08:27:51 UTC 2026
Cache sync 5 at Mon May  4 08:27:51 UTC 2026
Cache sync 6 at Mon May  4 08:27:51 UTC 2026
Cache sync 7 at Mon May  4 08:27:51 UTC 2026
Cache sync 8 at Mon May  4 08:27:51 UTC 2026
Cache sync 9 at Mon May  4 08:27:51 UTC 2026
Cache sync 10 at Mon May  4 08:27:51 UTC 2026
Cache sync 11 at Mon May  4 08:27:51 UTC 2026
Cache sync 12 at Mon May  4 08:27:51 UTC 2026
Cache sync 13 at Mon May  4 08:27:51 UTC 2026
Cache sync 14 at Mon May  4 08:27:51 UTC 2026
Cache sync 15 at Mon May  4 08:27:51 UTC 2026
Cache sync 16 at Mon May  4 08:27:51 UTC 2026
Cache sync 17 at Mon May  4 08:27:51 UTC 2026
Cache sync 18 at Mon May  4 08:27:51 UTC 2026
Cache sync 19 at Mon May  4 08:27:51 UTC 2026
Cache sync 20 at Mon May  4 08:27:51 UTC 2026
Cache sync 21 at Mon May  4 08:27:51 UTC 2026
Cache sync 22 at Mon May  4 08:27:51 UTC 2026
Cache sync 23 at Mon May  4 08:27:51 UTC 2026
Cache sync 24 at Mon May  4 08:27:51 UTC 2026
Cache sync 25 at Mon May  4 08:27:51 UTC 2026
Cache sync 26 at Mon May  4 08:27:51 UTC 2026
Cache sync 27 at Mon May  4 08:27:51 UTC 2026
Cache sync 28 at Mon May  4 08:27:51 UTC 2026
Cache sync 29 at Mon May  4 08:27:51 UTC 2026
Cache sync 30 at Mon May  4 08:27:51 UTC 2026
Cache sync 31 at Mon May  4 08:27:51 UTC 2026
Cache sync 32 at Mon May  4 08:27:51 UTC 2026
Cache sync 33 at Mon May  4 08:27:51 UTC 2026
Cache sync 34 at Mon May  4 08:27:51 UTC 2026
Cache sync 35 at Mon May  4 08:27:51 UTC 2026
Cache sync 36 at Mon May  4 08:27:51 UTC 2026
Cache sync 37 at Mon May  4 08:27:51 UTC 2026
Cache sync 38 at Mon May  4 08:27:51 UTC 2026
Cache sync 39 at Mon May  4 08:27:51 UTC 2026
Cache sync 40 at Mon May  4 08:27:51 UTC 2026
Cache sync 41 at Mon May  4 08:27:51 UTC 2026
Cache sync 42 at Mon May  4 08:27:51 UTC 2026
Cache sync 43 at Mon May  4 08:27:51 UTC 2026
Cache sync 44 at Mon May  4 08:27:51 UTC 2026
Cache sync 45 at Mon May  4 08:27:51 UTC 2026
Cache sync 46 at Mon May  4 08:27:51 UTC 2026
Cache sync 47 at Mon May  4 08:27:51 UTC 2026
Cache sync 48 at Mon May  4 08:27:51 UTC 2026
Cache sync 49 at Mon May  4 08:27:51 UTC 2026
Cache sync 1 at Mon May  4 13:56:10 UTC 2026
Cache sync 2 at Mon May  4 13:56:10 UTC 2026
Cache sync 3 at Mon May  4 13:56:10 UTC 2026
Cache sync 4 at Mon May  4 13:56:10 UTC 2026
Cache sync 5 at Mon May  4 13:56:10 UTC 2026
Cache sync 6 at Mon May  4 13:56:10 UTC 2026
Cache sync 7 at Mon May  4 13:56:10 UTC 2026
Cache sync 8 at Mon May  4 13:56:10 UTC 2026
Cache sync 9 at Mon May  4 13:56:10 UTC 2026
Cache sync 10 at Mon May  4 13:56:10 UTC 2026
Cache sync 11 at Mon May  4 13:56:10 UTC 2026
Cache sync 12 at Mon May  4 13:56:10 UTC 2026
Cache sync 13 at Mon May  4 13:56:10 UTC 2026
Cache sync 14 at Mon May  4 13:56:10 UTC 2026
Cache sync 15 at Mon May  4 13:56:10 UTC 2026
Cache sync 16 at Mon May  4 13:56:10 UTC 2026
Cache sync 17 at Mon May  4 13:56:10 UTC 2026
Cache sync 18 at Mon May  4 13:56:10 UTC 2026
Cache sync 19 at Mon May  4 13:56:10 UTC 2026
Cache sync 20 at Mon May  4 13:56:10 UTC 2026
Cache sync 21 at Mon May  4 13:56:10 UTC 2026
Cache sync 22 at Mon May  4 13:56:10 UTC 2026
Cache sync 1 at Mon May  4 19:26:49 UTC 2026
Cache sync 2 at Mon May  4 19:26:49 UTC 2026
Cache sync 3 at Mon May  4 19:26:49 UTC 2026
Cache sync 4 at Mon May  4 19:26:49 UTC 2026
Cache sync 5 at Mon May  4 19:26:49 UTC 2026
Cache sync 6 at Mon May  4 19:26:49 UTC 2026
Cache sync 7 at Mon May  4 19:26:49 UTC 2026
Cache sync 8 at Mon May  4 19:26:49 UTC 2026
Cache sync 9 at Mon May  4 19:26:49 UTC 2026
Cache sync 10 at Mon May  4 19:26:49 UTC 2026
Cache sync 11 at Mon May  4 19:26:49 UTC 2026
Cache sync 12 at Mon May  4 19:26:49 UTC 2026
Cache sync 13 at Mon May  4 19:26:49 UTC 2026
Cache sync 14 at Mon May  4 19:26:49 UTC 2026
Cache sync 15 at Mon May  4 19:26:49 UTC 2026
Cache sync 16 at Mon May  4 19:26:49 UTC 2026
Cache sync 17 at Mon May  4 19:26:49 UTC 2026
Cache sync 18 at Mon May  4 19:26:49 UTC 2026
Cache sync 19 at Mon May  4 19:26:49 UTC 2026
Cache sync 20 at Mon May  4 19:26:49 UTC 2026
Cache sync 21 at Mon May  4 19:26:49 UTC 2026
Cache sync 22 at Mon May  4 19:26:49 UTC 2026
Cache sync 1 at Tue May  5 08:07:07 UTC 2026
Cache sync 2 at Tue May  5 08:07:07 UTC 2026
Cache sync 3 at Tue May  5 08:07:07 UTC 2026
Cache sync 4 at Tue May  5 08:07:07 UTC 2026
Cache sync 5 at Tue May  5 08:07:07 UTC 2026
Cache sync 6 at Tue May  5 08:07:07 UTC 2026
Cache sync 7 at Tue May  5 08:07:07 UTC 2026
Cache sync 8 at Tue May  5 08:07:07 UTC 2026
Cache sync 9 at Tue May  5 08:07:07 UTC 2026
Cache sync 10 at Tue May  5 08:07:07 UTC 2026
Cache sync 11 at Tue May  5 08:07:07 UTC 2026
Cache sync 12 at Tue May  5 08:07:07 UTC 2026
Cache sync 13 at Tue May  5 08:07:07 UTC 2026
Cache sync 14 at Tue May  5 08:07:07 UTC 2026
Cache sync 15 at Tue May  5 08:07:07 UTC 2026
Cache sync 16 at Tue May  5 08:07:07 UTC 2026
Cache sync 17 at Tue May  5 08:07:07 UTC 2026
Cache sync 18 at Tue May  5 08:07:07 UTC 2026
Cache sync 19 at Tue May  5 08:07:07 UTC 2026
Cache sync 20 at Tue May  5 08:07:07 UTC 2026
Cache sync 21 at Tue May  5 08:07:07 UTC 2026
Cache sync 22 at Tue May  5 08:07:07 UTC 2026
Cache sync 23 at Tue May  5 08:07:08 UTC 2026
Cache sync 24 at Tue May  5 08:07:08 UTC 2026
Cache sync 25 at Tue May  5 08:07:08 UTC 2026
Cache sync 26 at Tue May  5 08:07:08 UTC 2026
Cache sync 27 at Tue May  5 08:07:08 UTC 2026
Cache sync 28 at Tue May  5 08:07:08 UTC 2026
Cache sync 29 at Tue May  5 08:07:08 UTC 2026
Cache sync 30 at Tue May  5 08:07:08 UTC 2026
Cache sync 31 at Tue May  5 08:07:08 UTC 2026
Cache sync 32 at Tue May  5 08:07:08 UTC 2026
Cache sync 33 at Tue May  5 08:07:08 UTC 2026
Cache sync 34 at Tue May  5 08:07:08 UTC 2026
Cache sync 35 at Tue May  5 08:07:08 UTC 2026
Cache sync 36 at Tue May  5 08:07:08 UTC 2026
Cache sync 37 at Tue May  5 08:07:08 UTC 2026
Cache sync 38 at Tue May  5 08:07:08 UTC 2026
Cache sync 39 at Tue May  5 08:07:08 UTC 2026
Cache sync 40 at Tue May  5 08:07:08 UTC 2026
Cache sync 41 at Tue May  5 08:07:08 UTC 2026
Cache sync 42 at Tue May  5 08:07:08 UTC 2026
Cache sync 43 at Tue May  5 08:07:08 UTC 2026
Cache sync 44 at Tue May  5 08:07:08 UTC 2026
Cache sync 45 at Tue May  5 08:07:08 UTC 2026
Cache sync 46 at Tue May  5 08:07:08 UTC 2026
Cache sync 47 at Tue May  5 08:07:08 UTC 2026
Cache sync 48 at Tue May  5 08:07:08 UTC 2026
Cache sync 49 at Tue May  5 08:07:08 UTC 2026
Cache sync 50 at Tue May  5 08:07:08 UTC 2026
Cache sync 51 at Tue May  5 08:07:08 UTC 2026
Cache sync 52 at Tue May  5 08:07:08 UTC 2026
Cache sync 53 at Tue May  5 08:07:08 UTC 2026
Cache sync 54 at Tue May  5 08:07:08 UTC 2026
Cache sync 55 at Tue May  5 08:07:08 UTC 2026
Cache sync 56 at Tue May  5 08:07:08 UTC 2026
Cache sync 57 at Tue May  5 08:07:08 UTC 2026
Cache sync 58 at Tue May  5 08:07:08 UTC 2026
Cache sync 59 at Tue May  5 08:07:08 UTC 2026
Cache sync 60 at Tue May  5 08:07:08 UTC 2026
Cache sync 61 at Tue May  5 08:07:08 UTC 2026
Cache sync 62 at Tue May  5 08:07:08 UTC 2026
Cache sync 63 at Tue May  5 08:07:08 UTC 2026
Cache sync 64 at Tue May  5 08:07:08 UTC 2026
Cache sync 65 at Tue May  5 08:07:08 UTC 2026
Cache sync 66 at Tue May  5 08:07:08 UTC 2026
Cache sync 67 at Tue May  5 08:07:08 UTC 2026
Cache sync 68 at Tue May  5 08:07:08 UTC 2026
Cache sync 69 at Tue May  5 08:07:08 UTC 2026
Cache sync 70 at Tue May  5 08:07:08 UTC 2026
Cache sync 71 at Tue May  5 08:07:08 UTC 2026
Cache sync 72 at Tue May  5 08:07:08 UTC 2026
Cache sync 73 at Tue May  5 08:07:08 UTC 2026
Cache sync 74 at Tue May  5 08:07:08 UTC 2026
Cache sync 75 at Tue May  5 08:07:08 UTC 2026
Cache sync 76 at Tue May  5 08:07:08 UTC 2026
Cache sync 77 at Tue May  5 08:07:08 UTC 2026
Cache sync 78 at Tue May  5 08:07:08 UTC 2026
Cache sync 79 at Tue May  5 08:07:08 UTC 2026
Cache sync 80 at Tue May  5 08:07:08 UTC 2026
Cache sync 81 at Tue May  5 08:07:08 UTC 2026
Cache sync 82 at Tue May  5 08:07:08 UTC 2026
Cache sync 1 at Tue May  5 13:50:54 UTC 2026
Cache sync 2 at Tue May  5 13:50:54 UTC 2026
Cache sync 3 at Tue May  5 13:50:54 UTC 2026
Cache sync 4 at Tue May  5 13:50:54 UTC 2026
Cache sync 5 at Tue May  5 13:50:54 UTC 2026
Cache sync 6 at Tue May  5 13:50:54 UTC 2026
Cache sync 7 at Tue May  5 13:50:54 UTC 2026
Cache sync 8 at Tue May  5 13:50:54 UTC 2026
Cache sync 9 at Tue May  5 13:50:54 UTC 2026
Cache sync 10 at Tue May  5 13:50:54 UTC 2026
Cache sync 11 at Tue May  5 13:50:54 UTC 2026
Cache sync 12 at Tue May  5 13:50:54 UTC 2026
Cache sync 13 at Tue May  5 13:50:54 UTC 2026
Cache sync 14 at Tue May  5 13:50:54 UTC 2026
Cache sync 15 at Tue May  5 13:50:54 UTC 2026
Cache sync 16 at Tue May  5 13:50:54 UTC 2026
Cache sync 17 at Tue May  5 13:50:54 UTC 2026
Cache sync 18 at Tue May  5 13:50:54 UTC 2026
Cache sync 19 at Tue May  5 13:50:54 UTC 2026
Cache sync 20 at Tue May  5 13:50:54 UTC 2026
Cache sync 21 at Tue May  5 13:50:54 UTC 2026
Cache sync 22 at Tue May  5 13:50:54 UTC 2026
Cache sync 23 at Tue May  5 13:50:54 UTC 2026
Cache sync 1 at Tue May  5 19:17:02 UTC 2026
Cache sync 2 at Tue May  5 19:17:02 UTC 2026
Cache sync 3 at Tue May  5 19:17:02 UTC 2026
Cache sync 4 at Tue May  5 19:17:02 UTC 2026
Cache sync 5 at Tue May  5 19:17:02 UTC 2026
Cache sync 6 at Tue May  5 19:17:02 UTC 2026
Cache sync 7 at Tue May  5 19:17:02 UTC 2026
Cache sync 8 at Tue May  5 19:17:02 UTC 2026
Cache sync 9 at Tue May  5 19:17:02 UTC 2026
Cache sync 10 at Tue May  5 19:17:02 UTC 2026
Cache sync 11 at Tue May  5 19:17:02 UTC 2026
Cache sync 12 at Tue May  5 19:17:02 UTC 2026
Cache sync 13 at Tue May  5 19:17:02 UTC 2026
Cache sync 14 at Tue May  5 19:17:02 UTC 2026
Cache sync 15 at Tue May  5 19:17:02 UTC 2026
Cache sync 16 at Tue May  5 19:17:02 UTC 2026
Cache sync 17 at Tue May  5 19:17:02 UTC 2026
Cache sync 18 at Tue May  5 19:17:02 UTC 2026
Cache sync 19 at Tue May  5 19:17:02 UTC 2026
Cache sync 20 at Tue May  5 19:17:02 UTC 2026
Cache sync 21 at Tue May  5 19:17:02 UTC 2026
Cache sync 22 at Tue May  5 19:17:02 UTC 2026
Cache sync 23 at Tue May  5 19:17:02 UTC 2026
Cache sync 24 at Tue May  5 19:17:02 UTC 2026
Cache sync 25 at Tue May  5 19:17:02 UTC 2026
Cache sync 26 at Tue May  5 19:17:02 UTC 2026
Cache sync 27 at Tue May  5 19:17:02 UTC 2026
Cache sync 28 at Tue May  5 19:17:02 UTC 2026
Cache sync 29 at Tue May  5 19:17:02 UTC 2026
Cache sync 30 at Tue May  5 19:17:02 UTC 2026
Cache sync 31 at Tue May  5 19:17:02 UTC 2026
Cache sync 32 at Tue May  5 19:17:02 UTC 2026
Cache sync 33 at Tue May  5 19:17:02 UTC 2026
Cache sync 34 at Tue May  5 19:17:02 UTC 2026
Cache sync 35 at Tue May  5 19:17:02 UTC 2026
Cache sync 36 at Tue May  5 19:17:02 UTC 2026
Cache sync 37 at Tue May  5 19:17:02 UTC 2026
Cache sync 38 at Tue May  5 19:17:02 UTC 2026
Cache sync 39 at Tue May  5 19:17:02 UTC 2026
Cache sync 40 at Tue May  5 19:17:02 UTC 2026
Cache sync 41 at Tue May  5 19:17:02 UTC 2026
Cache sync 42 at Tue May  5 19:17:02 UTC 2026
Cache sync 43 at Tue May  5 19:17:02 UTC 2026
Cache sync 44 at Tue May  5 19:17:02 UTC 2026
Cache sync 45 at Tue May  5 19:17:02 UTC 2026
Cache sync 46 at Tue May  5 19:17:02 UTC 2026
Cache sync 47 at Tue May  5 19:17:02 UTC 2026
Cache sync 48 at Tue May  5 19:17:02 UTC 2026
Cache sync 49 at Tue May  5 19:17:02 UTC 2026
Cache sync 50 at Tue May  5 19:17:02 UTC 2026
Cache sync 51 at Tue May  5 19:17:02 UTC 2026
Cache sync 52 at Tue May  5 19:17:02 UTC 2026
Cache sync 53 at Tue May  5 19:17:02 UTC 2026
Cache sync 54 at Tue May  5 19:17:02 UTC 2026
Cache sync 55 at Tue May  5 19:17:02 UTC 2026
Cache sync 56 at Tue May  5 19:17:02 UTC 2026
Cache sync 57 at Tue May  5 19:17:02 UTC 2026
Cache sync 58 at Tue May  5 19:17:02 UTC 2026
Cache sync 59 at Tue May  5 19:17:02 UTC 2026
Cache sync 60 at Tue May  5 19:17:02 UTC 2026
Cache sync 61 at Tue May  5 19:17:02 UTC 2026
Cache sync 62 at Tue May  5 19:17:02 UTC 2026
Cache sync 63 at Tue May  5 19:17:02 UTC 2026
Cache sync 64 at Tue May  5 19:17:02 UTC 2026
Cache sync 65 at Tue May  5 19:17:02 UTC 2026
Cache sync 1 at Wed May  6 02:40:17 UTC 2026
Cache sync 2 at Wed May  6 02:40:17 UTC 2026
Cache sync 3 at Wed May  6 02:40:17 UTC 2026
Cache sync 4 at Wed May  6 02:40:17 UTC 2026
Cache sync 5 at Wed May  6 02:40:17 UTC 2026
Cache sync 6 at Wed May  6 02:40:17 UTC 2026
Cache sync 7 at Wed May  6 02:40:17 UTC 2026
Cache sync 8 at Wed May  6 02:40:17 UTC 2026
Cache sync 9 at Wed May  6 02:40:17 UTC 2026
Cache sync 10 at Wed May  6 02:40:17 UTC 2026
Cache sync 11 at Wed May  6 02:40:17 UTC 2026
Cache sync 12 at Wed May  6 02:40:17 UTC 2026
Cache sync 13 at Wed May  6 02:40:17 UTC 2026
Cache sync 14 at Wed May  6 02:40:17 UTC 2026
Cache sync 15 at Wed May  6 02:40:17 UTC 2026
Cache sync 16 at Wed May  6 02:40:17 UTC 2026
Cache sync 17 at Wed May  6 02:40:17 UTC 2026
Cache sync 18 at Wed May  6 02:40:17 UTC 2026
Cache sync 19 at Wed May  6 02:40:17 UTC 2026
Cache sync 20 at Wed May  6 02:40:17 UTC 2026
Cache sync 21 at Wed May  6 02:40:17 UTC 2026
Cache sync 22 at Wed May  6 02:40:18 UTC 2026
Cache sync 23 at Wed May  6 02:40:18 UTC 2026
Cache sync 24 at Wed May  6 02:40:18 UTC 2026
Cache sync 25 at Wed May  6 02:40:18 UTC 2026
Cache sync 26 at Wed May  6 02:40:18 UTC 2026
Cache sync 27 at Wed May  6 02:40:18 UTC 2026
Cache sync 28 at Wed May  6 02:40:18 UTC 2026
Cache sync 29 at Wed May  6 02:40:18 UTC 2026
Cache sync 30 at Wed May  6 02:40:18 UTC 2026
Cache sync 31 at Wed May  6 02:40:18 UTC 2026
Cache sync 32 at Wed May  6 02:40:18 UTC 2026
Cache sync 33 at Wed May  6 02:40:18 UTC 2026
Cache sync 34 at Wed May  6 02:40:18 UTC 2026
Cache sync 35 at Wed May  6 02:40:18 UTC 2026
Cache sync 36 at Wed May  6 02:40:18 UTC 2026
Cache sync 37 at Wed May  6 02:40:18 UTC 2026
Cache sync 38 at Wed May  6 02:40:18 UTC 2026
Cache sync 39 at Wed May  6 02:40:18 UTC 2026
Cache sync 40 at Wed May  6 02:40:18 UTC 2026
Cache sync 41 at Wed May  6 02:40:18 UTC 2026
Cache sync 42 at Wed May  6 02:40:18 UTC 2026
Cache sync 43 at Wed May  6 02:40:18 UTC 2026
Cache sync 44 at Wed May  6 02:40:18 UTC 2026
Cache sync 45 at Wed May  6 02:40:18 UTC 2026
Cache sync 46 at Wed May  6 02:40:18 UTC 2026
Cache sync 47 at Wed May  6 02:40:18 UTC 2026
Cache sync 48 at Wed May  6 02:40:18 UTC 2026
Cache sync 49 at Wed May  6 02:40:18 UTC 2026
Cache sync 50 at Wed May  6 02:40:18 UTC 2026
Cache sync 51 at Wed May  6 02:40:18 UTC 2026
Cache sync 52 at Wed May  6 02:40:18 UTC 2026
Cache sync 53 at Wed May  6 02:40:18 UTC 2026
Cache sync 54 at Wed May  6 02:40:18 UTC 2026
Cache sync 55 at Wed May  6 02:40:18 UTC 2026
Cache sync 56 at Wed May  6 02:40:18 UTC 2026
Cache sync 57 at Wed May  6 02:40:18 UTC 2026
Cache sync 58 at Wed May  6 02:40:18 UTC 2026
Cache sync 59 at Wed May  6 02:40:18 UTC 2026
Cache sync 60 at Wed May  6 02:40:18 UTC 2026
Cache sync 61 at Wed May  6 02:40:18 UTC 2026
Cache sync 62 at Wed May  6 02:40:18 UTC 2026
Cache sync 63 at Wed May  6 02:40:18 UTC 2026
Cache sync 64 at Wed May  6 02:40:18 UTC 2026
Cache sync 65 at Wed May  6 02:40:18 UTC 2026
Cache sync 66 at Wed May  6 02:40:18 UTC 2026
Cache sync 67 at Wed May  6 02:40:18 UTC 2026
Cache sync 68 at Wed May  6 02:40:18 UTC 2026
Cache sync 69 at Wed May  6 02:40:18 UTC 2026
Cache sync 70 at Wed May  6 02:40:18 UTC 2026
Cache sync 71 at Wed May  6 02:40:18 UTC 2026
Cache sync 72 at Wed May  6 02:40:18 UTC 2026
Cache sync 73 at Wed May  6 02:40:18 UTC 2026
Cache sync 74 at Wed May  6 02:40:18 UTC 2026
Cache sync 75 at Wed May  6 02:40:18 UTC 2026
Cache sync 1 at Wed May  6 08:24:55 UTC 2026
Cache sync 2 at Wed May  6 08:24:55 UTC 2026
Cache sync 3 at Wed May  6 08:24:55 UTC 2026
Cache sync 4 at Wed May  6 08:24:55 UTC 2026
Cache sync 5 at Wed May  6 08:24:55 UTC 2026
Cache sync 6 at Wed May  6 08:24:55 UTC 2026
Cache sync 7 at Wed May  6 08:24:55 UTC 2026
Cache sync 8 at Wed May  6 08:24:55 UTC 2026
Cache sync 9 at Wed May  6 08:24:55 UTC 2026
Cache sync 10 at Wed May  6 08:24:55 UTC 2026
Cache sync 11 at Wed May  6 08:24:55 UTC 2026
Cache sync 12 at Wed May  6 08:24:55 UTC 2026
Cache sync 13 at Wed May  6 08:24:55 UTC 2026
Cache sync 14 at Wed May  6 08:24:55 UTC 2026
Cache sync 15 at Wed May  6 08:24:55 UTC 2026
Cache sync 16 at Wed May  6 08:24:55 UTC 2026
Cache sync 17 at Wed May  6 08:24:55 UTC 2026
Cache sync 18 at Wed May  6 08:24:55 UTC 2026
Cache sync 19 at Wed May  6 08:24:55 UTC 2026
Cache sync 20 at Wed May  6 08:24:55 UTC 2026
Cache sync 21 at Wed May  6 08:24:55 UTC 2026
Cache sync 22 at Wed May  6 08:24:55 UTC 2026
Cache sync 23 at Wed May  6 08:24:55 UTC 2026
Cache sync 24 at Wed May  6 08:24:55 UTC 2026
Cache sync 25 at Wed May  6 08:24:55 UTC 2026
Cache sync 26 at Wed May  6 08:24:55 UTC 2026
Cache sync 27 at Wed May  6 08:24:55 UTC 2026
Cache sync 28 at Wed May  6 08:24:55 UTC 2026
Cache sync 29 at Wed May  6 08:24:55 UTC 2026
Cache sync 30 at Wed May  6 08:24:55 UTC 2026
Cache sync 31 at Wed May  6 08:24:55 UTC 2026
Cache sync 32 at Wed May  6 08:24:55 UTC 2026
Cache sync 33 at Wed May  6 08:24:55 UTC 2026
Cache sync 34 at Wed May  6 08:24:55 UTC 2026
Cache sync 35 at Wed May  6 08:24:55 UTC 2026
Cache sync 36 at Wed May  6 08:24:55 UTC 2026
Cache sync 37 at Wed May  6 08:24:55 UTC 2026
Cache sync 38 at Wed May  6 08:24:55 UTC 2026
Cache sync 39 at Wed May  6 08:24:55 UTC 2026
Cache sync 40 at Wed May  6 08:24:55 UTC 2026
Cache sync 41 at Wed May  6 08:24:55 UTC 2026
Cache sync 42 at Wed May  6 08:24:55 UTC 2026
Cache sync 43 at Wed May  6 08:24:55 UTC 2026
Cache sync 44 at Wed May  6 08:24:55 UTC 2026
Cache sync 45 at Wed May  6 08:24:55 UTC 2026
Cache sync 46 at Wed May  6 08:24:55 UTC 2026
Cache sync 47 at Wed May  6 08:24:56 UTC 2026
Cache sync 48 at Wed May  6 08:24:56 UTC 2026
Cache sync 1 at Wed May  6 14:06:01 UTC 2026
Cache sync 2 at Wed May  6 14:06:01 UTC 2026
Cache sync 3 at Wed May  6 14:06:01 UTC 2026
Cache sync 4 at Wed May  6 14:06:01 UTC 2026
Cache sync 5 at Wed May  6 14:06:01 UTC 2026
Cache sync 6 at Wed May  6 14:06:01 UTC 2026
Cache sync 7 at Wed May  6 14:06:01 UTC 2026
Cache sync 8 at Wed May  6 14:06:01 UTC 2026
Cache sync 9 at Wed May  6 14:06:01 UTC 2026
Cache sync 10 at Wed May  6 14:06:01 UTC 2026
Cache sync 11 at Wed May  6 14:06:01 UTC 2026
Cache sync 12 at Wed May  6 14:06:01 UTC 2026
Cache sync 13 at Wed May  6 14:06:01 UTC 2026
Cache sync 14 at Wed May  6 14:06:01 UTC 2026
Cache sync 15 at Wed May  6 14:06:01 UTC 2026
Cache sync 16 at Wed May  6 14:06:01 UTC 2026
Cache sync 17 at Wed May  6 14:06:01 UTC 2026
Cache sync 18 at Wed May  6 14:06:01 UTC 2026
Cache sync 19 at Wed May  6 14:06:01 UTC 2026
Cache sync 20 at Wed May  6 14:06:01 UTC 2026
Cache sync 21 at Wed May  6 14:06:01 UTC 2026
Cache sync 22 at Wed May  6 14:06:01 UTC 2026
Cache sync 23 at Wed May  6 14:06:01 UTC 2026
Cache sync 24 at Wed May  6 14:06:01 UTC 2026
Cache sync 25 at Wed May  6 14:06:01 UTC 2026
Cache sync 26 at Wed May  6 14:06:01 UTC 2026
Cache sync 27 at Wed May  6 14:06:01 UTC 2026
Cache sync 28 at Wed May  6 14:06:01 UTC 2026
Cache sync 29 at Wed May  6 14:06:01 UTC 2026
Cache sync 30 at Wed May  6 14:06:01 UTC 2026
Cache sync 31 at Wed May  6 14:06:01 UTC 2026
Cache sync 32 at Wed May  6 14:06:01 UTC 2026
Cache sync 33 at Wed May  6 14:06:01 UTC 2026
Cache sync 34 at Wed May  6 14:06:01 UTC 2026
Cache sync 35 at Wed May  6 14:06:01 UTC 2026
Cache sync 36 at Wed May  6 14:06:01 UTC 2026
Cache sync 37 at Wed May  6 14:06:01 UTC 2026
Cache sync 38 at Wed May  6 14:06:01 UTC 2026
Cache sync 39 at Wed May  6 14:06:01 UTC 2026
Cache sync 1 at Wed May  6 19:43:51 UTC 2026
Cache sync 2 at Wed May  6 19:43:51 UTC 2026
